Watching for file changes with StatReloader
D:\Github\DOCTOR-A\apps\dashboards\views.py changed, reloading.
Watching for file changes with StatReloader
[21/Apr/2026 18:37:29] "GET / HTTP/1.1" 200 41956
[21/Apr/2026 18:37:29] "GET /about/ HTTP/1.1" 200 32642
[21/Apr/2026 18:37:29] "GET /services/ HTTP/1.1" 200 32609
[21/Apr/2026 18:37:29] "GET /videos/ HTTP/1.1" 200 50133
[21/Apr/2026 18:37:29] "GET /doctors/ HTTP/1.1" 200 29815
[21/Apr/2026 18:37:29] "GET /news/ HTTP/1.1" 200 30558
[21/Apr/2026 18:37:29] "GET /announcements/ HTTP/1.1" 200 29877
[21/Apr/2026 18:37:29] "GET /equipment/ HTTP/1.1" 200 36064
[21/Apr/2026 18:37:29] "GET /contact/ HTTP/1.1" 200 40338
[21/Apr/2026 18:37:29] "GET /v1/ HTTP/1.1" 301 0
[21/Apr/2026 18:37:29] "GET /v1/about/ HTTP/1.1" 301 0
[21/Apr/2026 18:37:29] "GET /v1/news/ HTTP/1.1" 301 0
[21/Apr/2026 18:37:29] "GET /v1/contact/ HTTP/1.1" 301 0
[21/Apr/2026 18:37:30] "GET /v1/services/ HTTP/1.1" 301 0
[21/Apr/2026 18:37:30] "GET /services/ HTTP/1.1" 200 32609
Not Found: /.well-known/appspecific/com.chrome.devtools.json
[21/Apr/2026 18:37:30] "GET /.well-known/appspecific/com.chrome.devtools.json HTTP/1.1" 404 18152
[21/Apr/2026 18:37:30] "GET /static/medic/css/bootstrap.min.css HTTP/1.1" 304 0
[21/Apr/2026 18:37:30] "GET /static/medic/css/magnific-popup.min.css HTTP/1.1" 304 0
[21/Apr/2026 18:37:30] "GET /static/medic/css/flaticon.css HTTP/1.1" 304 0
[21/Apr/2026 18:37:30] "GET /static/medic/css/owl.carousel.min.css HTTP/1.1" 304 0
[21/Apr/2026 18:37:30] "GET /static/medic/css/owl.theme.default.min.css HTTP/1.1" 304 0
[21/Apr/2026 18:37:30] "GET /static/medic/css/nice-select.min.css HTTP/1.1" 304 0
[21/Apr/2026 18:37:30] "GET /static/medic/css/animate.min.css HTTP/1.1" 304 0
[21/Apr/2026 18:37:30] "GET /static/medic/css/aos.css HTTP/1.1" 304 0
[21/Apr/2026 18:37:30] "GET /static/medic/css/boxicons.min.css HTTP/1.1" 304 0
[21/Apr/2026 18:37:30] "GET /static/medic/css/meanmenu.min.css HTTP/1.1" 304 0
[21/Apr/2026 18:37:30] "GET /static/medic/css/style.css HTTP/1.1" 304 0
[21/Apr/2026 18:37:30] "GET /static/medic/js/jquery.min.js HTTP/1.1" 304 0
[21/Apr/2026 18:37:30] "GET /static/medic/css/odometer.min.css HTTP/1.1" 304 0
[21/Apr/2026 18:37:30] "GET /static/medic/css/responsive.css HTTP/1.1" 304 0
[21/Apr/2026 18:37:30] "GET /static/medic/js/owl.carousel.min.js HTTP/1.1" 304 0
[21/Apr/2026 18:37:30] "GET /static/medic/js/magnific-popup.min.js HTTP/1.1" 304 0
[21/Apr/2026 18:37:30] "GET /static/medic/js/bootstrap.bundle.min.js HTTP/1.1" 304 0
[21/Apr/2026 18:37:30] "GET /static/medic/js/meanmenu.min.js HTTP/1.1" 304 0
[21/Apr/2026 18:37:30] "GET /static/medic/js/wow.min.js HTTP/1.1" 304 0
Not Found: /media/logos/for_dark_pG4gibW.png
[21/Apr/2026 18:37:30] "GET /static/medic/js/nice-select.min.js HTTP/1.1" 304 0
[21/Apr/2026 18:37:30] "GET /static/medic/js/odometer.min.js HTTP/1.1" 304 0
[21/Apr/2026 18:37:30] "GET /static/medic/js/appear.min.js HTTP/1.1" 304 0
[21/Apr/2026 18:37:30] "GET /media/logos/for_dark_pG4gibW.png HTTP/1.1" 404 18150
[21/Apr/2026 18:37:30] "GET /static/medic/fonts/boxicons.woff2 HTTP/1.1" 304 0
[21/Apr/2026 18:37:30] "GET /static/medic/js/bootstrap-datepicker.min.js HTTP/1.1" 304 0
[21/Apr/2026 18:37:30] "GET /static/medic/js/form-validator.min.js HTTP/1.1" 304 0
[21/Apr/2026 18:37:30] "GET /static/medic/js/aos.js HTTP/1.1" 304 0
[21/Apr/2026 18:37:30] "GET /static/medic/js/ajaxchimp.min.js HTTP/1.1" 304 0
[21/Apr/2026 18:37:30] "GET /static/medic/js/contact-form-script.js HTTP/1.1" 304 0
[21/Apr/2026 18:37:30] "GET /static/medic/js/custom.js HTTP/1.1" 304 0
[21/Apr/2026 18:37:30] "GET /static/medic/fonts/Flaticon.woff2 HTTP/1.1" 304 0
[21/Apr/2026 18:37:30] "GET /static/medic/favicon/site.webmanifest HTTP/1.1" 304 0
[21/Apr/2026 18:37:31] "GET /static/medic/favicon/favicon.ico HTTP/1.1" 304 0
[21/Apr/2026 18:37:35] "GET / HTTP/1.1" 200 41956
Not Found: /.well-known/appspecific/com.chrome.devtools.json
[21/Apr/2026 18:37:35] "GET /.well-known/appspecific/com.chrome.devtools.json HTTP/1.1" 404 18152
[21/Apr/2026 18:37:36] "GET /static/medic/img/index/img3.png HTTP/1.1" 304 0
[21/Apr/2026 18:37:36] "GET /media/profile_pictures/7_2_Y9RCVwo.png HTTP/1.1" 304 0
[21/Apr/2026 18:37:36] "GET /media/profile_pictures/6_2_axUFR2L.png HTTP/1.1" 304 0
[21/Apr/2026 18:37:36] "GET /media/profile_pictures/9_2.png HTTP/1.1" 304 0
[21/Apr/2026 18:37:36] "GET /media/news_images/35790097_0_143_3132_1905_1920x0_80_0_0_d59647657d5eeb6d61a01c5ec0729918.jpg HTTP/1.1" 304 0
[21/Apr/2026 18:37:36] "GET /media/news_images/33522124_0_129_1280_849_1920x0_80_0_0_0d82e09f4ae4ff5078b54373644dd131.jpg HTTP/1.1" 304 0
[21/Apr/2026 18:37:36] "GET /media/news_images/45563094_0_104_2000_1229_1920x0_80_0_0_7aeca3e40024187227391019c2b597d2.jpg HTTP/1.1" 304 0
[21/Apr/2026 18:37:36] "GET /media/partners/Asakabank_new-01_GG5wwIr.png HTTP/1.1" 304 0
[21/Apr/2026 18:37:36] "GET /media/partners/InPlus_landscape-pink.png HTTP/1.1" 304 0
Not Found: /media/logos/for_dark_pG4gibW.png
[21/Apr/2026 18:37:36] "GET /media/logos/for_dark_pG4gibW.png HTTP/1.1" 404 18150
[21/Apr/2026 18:37:39] "GET /login/ HTTP/1.1" 200 27158
Not Found: /.well-known/appspecific/com.chrome.devtools.json
[21/Apr/2026 18:37:39] "GET /.well-known/appspecific/com.chrome.devtools.json HTTP/1.1" 404 18152
Not Found: /media/logos/for_dark_pG4gibW.png
[21/Apr/2026 18:37:39] "GET /media/logos/for_dark_pG4gibW.png HTTP/1.1" 404 18150
Not Found: /media/logos/for_dark_pG4gibW.png
[21/Apr/2026 18:37:39] "GET /media/logos/for_dark_pG4gibW.png HTTP/1.1" 404 18150
[21/Apr/2026 18:37:46] "POST /login/ HTTP/1.1" 302 0
[21/Apr/2026 18:37:46] "GET /administrator/ HTTP/1.1" 200 33760
[21/Apr/2026 18:37:46] "GET /static/vendor/overlay-scroll/OverlayScrollbars.min.css HTTP/1.1" 304 0
[21/Apr/2026 18:37:46] "GET /static/fonts/flag-icon-css/flags/uz.svg HTTP/1.1" 304 0
[21/Apr/2026 18:37:46] "GET /static/images/logo-sm.svg HTTP/1.1" 304 0
[21/Apr/2026 18:37:46] "GET /static/css/main.min.css HTTP/1.1" 304 0
[21/Apr/2026 18:37:46] "GET /static/fonts/remix/remixicon.css HTTP/1.1" 304 0
[21/Apr/2026 18:37:46] "GET /static/fonts/flag-icon-css/flags/ru.svg HTTP/1.1" 304 0
[21/Apr/2026 18:37:46] "GET /static/js/jquery.min.js HTTP/1.1" 304 0
[21/Apr/2026 18:37:46] "GET /static/js/moment.min.js HTTP/1.1" 304 0
[21/Apr/2026 18:37:46] "GET /static/js/bootstrap.bundle.min.js HTTP/1.1" 304 0
[21/Apr/2026 18:37:46] "GET /static/vendor/overlay-scroll/jquery.overlayScrollbars.min.js HTTP/1.1" 304 0
[21/Apr/2026 18:37:46] "GET /static/fonts/flag-icon-css/flags/en.svg HTTP/1.1" 304 0
[21/Apr/2026 18:37:46] "GET /static/images/user.png HTTP/1.1" 304 0
[21/Apr/2026 18:37:46] "GET /static/fonts/flag-icon-css/flags/de.svg HTTP/1.1" 304 0
[21/Apr/2026 18:37:46] "GET /static/fonts/flag-icon-css/flags/tr.svg HTTP/1.1" 304 0
[21/Apr/2026 18:37:46] "GET /static/vendor/overlay-scroll/custom-scrollbar.js HTTP/1.1" 304 0
[21/Apr/2026 18:37:46] "GET /static/js/custom.js HTTP/1.1" 304 0
[21/Apr/2026 18:37:46] "GET /static/site.webmanifest HTTP/1.1" 404 1975
Not Found: /.well-known/appspecific/com.chrome.devtools.json
[21/Apr/2026 18:37:46] "GET /.well-known/appspecific/com.chrome.devtools.json HTTP/1.1" 404 18152
[21/Apr/2026 18:37:47] "GET /static/images/banner.svg HTTP/1.1" 304 0
[21/Apr/2026 18:37:47] "GET /static/fonts/remix/remixicon.woff2@t=1705244689813 HTTP/1.1" 304 0
[21/Apr/2026 18:37:48] "GET /static/site.webmanifest HTTP/1.1" 404 1975
[21/Apr/2026 18:37:49] "GET /static/js/moment.min.js HTTP/1.1" 304 0
[21/Apr/2026 18:37:49] "GET /static/js/bootstrap.bundle.min.js HTTP/1.1" 304 0
[21/Apr/2026 18:37:49] "GET /static/js/jquery.min.js HTTP/1.1" 304 0
[21/Apr/2026 18:37:49] "GET /static/vendor/overlay-scroll/jquery.overlayScrollbars.min.js HTTP/1.1" 304 0
[21/Apr/2026 18:37:49] "GET /static/vendor/overlay-scroll/custom-scrollbar.js HTTP/1.1" 304 0
[21/Apr/2026 18:37:49] "GET /static/js/custom.js HTTP/1.1" 304 0
[21/Apr/2026 18:37:56] "GET /administrator/ HTTP/1.1" 200 33760
Not Found: /.well-known/appspecific/com.chrome.devtools.json
[21/Apr/2026 18:37:57] "GET /.well-known/appspecific/com.chrome.devtools.json HTTP/1.1" 404 18152
[21/Apr/2026 18:37:57] "GET /static/site.webmanifest HTTP/1.1" 404 1975
[21/Apr/2026 18:37:58] "GET /static/site.webmanifest HTTP/1.1" 404 1975
D:\Github\DOCTOR-A\apps\medical\views.py:562: UnorderedObjectListWarning: Pagination may yield inconsistent results with an unordered object_list: <class 'members.models.CustomUser'> QuerySet.
  paginator = Paginator(users, 10)  # Har bir sahifada 10 ta foydalanuvchi
[21/Apr/2026 18:38:04] "GET /administrator/users HTTP/1.1" 200 46961
[21/Apr/2026 18:38:04] "GET /static/vendor/datatables/dataTables.bootstrap.min.js HTTP/1.1" 304 0
[21/Apr/2026 18:38:04] "GET /static/vendor/datatables/dataTables.min.js HTTP/1.1" 304 0
[21/Apr/2026 18:38:04] "GET /static/vendor/datatables/custom/custom-datatables.js HTTP/1.1" 304 0
Not Found: /.well-known/appspecific/com.chrome.devtools.json
[21/Apr/2026 18:38:04] "GET /.well-known/appspecific/com.chrome.devtools.json HTTP/1.1" 404 18152
[21/Apr/2026 18:38:04] "GET /static/site.webmanifest HTTP/1.1" 404 1975
[21/Apr/2026 18:38:04] "GET /media/profile_pictures/5_2_XodV7Jq.png HTTP/1.1" 200 4490416
[21/Apr/2026 18:38:05] "GET /static/site.webmanifest HTTP/1.1" 404 1975
[21/Apr/2026 18:38:06] "GET /static/vendor/datatables/custom/custom-datatables.js HTTP/1.1" 304 0
[21/Apr/2026 18:38:06] "GET /static/vendor/datatables/dataTables.min.js HTTP/1.1" 304 0
[21/Apr/2026 18:38:06] "GET /static/vendor/datatables/dataTables.bootstrap.min.js HTTP/1.1" 304 0
[21/Apr/2026 18:38:07] "GET /news-view HTTP/1.1" 200 32964
Not Found: /.well-known/appspecific/com.chrome.devtools.json
[21/Apr/2026 18:38:07] "GET /.well-known/appspecific/com.chrome.devtools.json HTTP/1.1" 404 18152
[21/Apr/2026 18:38:08] "GET /static/site.webmanifest HTTP/1.1" 404 1975
[21/Apr/2026 18:38:08] "GET /static/site.webmanifest HTTP/1.1" 404 1975
[21/Apr/2026 18:38:12] "GET /announcemen-view HTTP/1.1" 200 26852
Not Found: /.well-known/appspecific/com.chrome.devtools.json
[21/Apr/2026 18:38:13] "GET /.well-known/appspecific/com.chrome.devtools.json HTTP/1.1" 404 18152
[21/Apr/2026 18:38:13] "GET /static/site.webmanifest HTTP/1.1" 404 1975
[21/Apr/2026 18:38:13] "GET /static/site.webmanifest HTTP/1.1" 404 1975
[21/Apr/2026 18:38:18] "GET /partners HTTP/1.1" 200 37991
[21/Apr/2026 18:38:19] "GET /static/images/input_images.png HTTP/1.1" 200 5336
Not Found: /.well-known/appspecific/com.chrome.devtools.json
[21/Apr/2026 18:38:19] "GET /.well-known/appspecific/com.chrome.devtools.json HTTP/1.1" 404 18152
[21/Apr/2026 18:38:19] "GET /static/site.webmanifest HTTP/1.1" 404 1975
[21/Apr/2026 18:38:20] "GET /static/site.webmanifest HTTP/1.1" 404 1975
Not Found: /announcement/
[21/Apr/2026 18:38:31] "GET /announcement/ HTTP/1.1" 404 18047
Not Found: /.well-known/appspecific/com.chrome.devtools.json
[21/Apr/2026 18:38:31] "GET /.well-known/appspecific/com.chrome.devtools.json HTTP/1.1" 404 18152
[21/Apr/2026 18:38:34] "GET / HTTP/1.1" 200 41956
Not Found: /.well-known/appspecific/com.chrome.devtools.json
[21/Apr/2026 18:38:34] "GET /.well-known/appspecific/com.chrome.devtools.json HTTP/1.1" 404 18152
Not Found: /media/logos/for_dark_pG4gibW.png
[21/Apr/2026 18:38:34] "GET /media/logos/for_dark_pG4gibW.png HTTP/1.1" 404 18150
[21/Apr/2026 18:38:34] "GET /media/news_images/35790097_0_143_3132_1905_1920x0_80_0_0_d59647657d5eeb6d61a01c5ec0729918.jpg HTTP/1.1" 200 156938
[21/Apr/2026 18:38:34] "GET /media/news_images/33522124_0_129_1280_849_1920x0_80_0_0_0d82e09f4ae4ff5078b54373644dd131.jpg HTTP/1.1" 200 90026
[21/Apr/2026 18:38:34] "GET /media/news_images/45563094_0_104_2000_1229_1920x0_80_0_0_7aeca3e40024187227391019c2b597d2.jpg HTTP/1.1" 200 79460
[21/Apr/2026 18:38:34] "GET /media/partners/InPlus_landscape-pink.png HTTP/1.1" 200 40219
[21/Apr/2026 18:38:34] "GET /media/partners/Asakabank_new-01_GG5wwIr.png HTTP/1.1" 200 46729
[21/Apr/2026 18:38:34] "GET /media/profile_pictures/6_2_axUFR2L.png HTTP/1.1" 200 4308101
[21/Apr/2026 18:38:34] "GET /media/profile_pictures/7_2_Y9RCVwo.png HTTP/1.1" 200 4745036
[21/Apr/2026 18:38:34] "GET /media/profile_pictures/9_2.png HTTP/1.1" 200 3843998
[21/Apr/2026 18:40:03] "GET / HTTP/1.1" 200 43586
Not Found: /media/logos/for_dark_pG4gibW.png
[21/Apr/2026 18:40:03] "GET /media/logos/for_dark_pG4gibW.png HTTP/1.1" 404 18150
[21/Apr/2026 18:40:34] "GET / HTTP/1.1" 200 44050
[21/Apr/2026 18:41:26] "GET / HTTP/1.1" 200 44050
[21/Apr/2026 18:41:26] "GET /static/medic/js/jquery.min.js HTTP/1.1" 304 0
[21/Apr/2026 18:41:26] "GET /static/medic/js/meanmenu.min.js HTTP/1.1" 304 0
[21/Apr/2026 18:41:26] "GET /static/medic/js/bootstrap.bundle.min.js HTTP/1.1" 304 0
[21/Apr/2026 18:41:26] "GET /static/medic/js/wow.min.js HTTP/1.1" 304 0
[21/Apr/2026 18:41:26] "GET /static/medic/js/owl.carousel.min.js HTTP/1.1" 304 0
[21/Apr/2026 18:41:26] "GET /static/medic/js/magnific-popup.min.js HTTP/1.1" 304 0
Not Found: /media/logos/for_dark_pG4gibW.png
[21/Apr/2026 18:41:26] "GET /media/logos/for_dark_pG4gibW.png HTTP/1.1" 404 18150
[21/Apr/2026 18:41:26] "GET /static/medic/js/nice-select.min.js HTTP/1.1" 304 0
[21/Apr/2026 18:41:28] "GET /static/medic/js/bootstrap-datepicker.min.js HTTP/1.1" 304 0
[21/Apr/2026 18:41:28] "GET /static/medic/js/odometer.min.js HTTP/1.1" 304 0
[21/Apr/2026 18:41:28] "GET /static/medic/js/appear.min.js HTTP/1.1" 304 0
[21/Apr/2026 18:41:28] "GET /static/medic/js/form-validator.min.js HTTP/1.1" 304 0
[21/Apr/2026 18:41:28] "GET /static/medic/js/contact-form-script.js HTTP/1.1" 304 0
[21/Apr/2026 18:41:28] "GET /static/medic/js/ajaxchimp.min.js HTTP/1.1" 304 0
[21/Apr/2026 18:41:28] "GET /static/medic/js/aos.js HTTP/1.1" 304 0
[21/Apr/2026 18:41:28] "GET /static/medic/js/custom.js HTTP/1.1" 304 0
[21/Apr/2026 18:42:00] "GET /login/ HTTP/1.1" 302 0
[21/Apr/2026 18:42:00] "GET /administrator/ HTTP/1.1" 200 33760
[21/Apr/2026 18:42:00] "GET /static/site.webmanifest HTTP/1.1" 404 1975
[21/Apr/2026 18:42:01] "GET /static/images/favicon.ico HTTP/1.1" 304 0
[21/Apr/2026 18:42:01] "GET /static/site.webmanifest HTTP/1.1" 404 1975
[21/Apr/2026 18:42:01] "GET /static/images/favicon-32x32.png HTTP/1.1" 404 1999
[21/Apr/2026 18:42:01] "GET /static/images/favicon-16x16.png HTTP/1.1" 404 1999
[21/Apr/2026 18:42:04] "GET /administrator/settings HTTP/1.1" 200 61712
[21/Apr/2026 18:42:04] "GET /static/site.webmanifest HTTP/1.1" 404 1975
Not Found: /media/banners/photo_2026-04-14_16.34.11.jpeg
[21/Apr/2026 18:42:04] "GET /media/banners/photo_2026-04-14_16.34.11.jpeg HTTP/1.1" 404 18198
Not Found: /media/videos/AQPQUEL0XKDNaKfQThSvVvzuY2wehdQyvWPxkpVMeghMUKwYjvRkeTsIAuie64t.mp4
[21/Apr/2026 18:42:04] "GET /media/videos/AQPQUEL0XKDNaKfQThSvVvzuY2wehdQyvWPxkpVMeghMUKwYjvRkeTsIAuie64t.mp4 HTTP/1.1" 404 18342
Not Found: /media/videos/IMG_7661_iwNl2Ft.MOV
[21/Apr/2026 18:42:04] "GET /media/videos/IMG_7661_iwNl2Ft.MOV HTTP/1.1" 404 18154
Not Found: /media/logos/for_dark_pG4gibW.png
[21/Apr/2026 18:42:04] "GET /media/logos/for_dark_pG4gibW.png HTTP/1.1" 404 18150
Not Found: /media/logos/for_light_oaA8fHg.png
[21/Apr/2026 18:42:04] "GET /media/logos/for_light_oaA8fHg.png HTTP/1.1" 404 18154
[21/Apr/2026 18:42:04] "GET /static/medic/favicon/favicon-32x32.png HTTP/1.1" 304 0
[21/Apr/2026 18:42:04] "GET /static/site.webmanifest HTTP/1.1" 404 1975
Not Found: /media/videos/AQPQUEL0XKDNaKfQThSvVvzuY2wehdQyvWPxkpVMeghMUKwYjvRkeTsIAuie64t.mp4
[21/Apr/2026 18:42:05] "HEAD /media/videos/AQPQUEL0XKDNaKfQThSvVvzuY2wehdQyvWPxkpVMeghMUKwYjvRkeTsIAuie64t.mp4 HTTP/1.1" 404 0
Not Found: /media/videos/IMG_7661_iwNl2Ft.MOV
[21/Apr/2026 18:42:05] "HEAD /media/videos/IMG_7661_iwNl2Ft.MOV HTTP/1.1" 404 0
[21/Apr/2026 18:42:39] "POST /administrator/settings HTTP/1.1" 302 0
[21/Apr/2026 18:42:39] "GET /administrator/settings HTTP/1.1" 200 62120
[21/Apr/2026 18:42:39] "GET /static/site.webmanifest HTTP/1.1" 404 1975
Not Found: /media/videos/IMG_7661_iwNl2Ft.MOV
[21/Apr/2026 18:42:39] "GET /media/videos/IMG_7661_iwNl2Ft.MOV HTTP/1.1" 404 18154
Not Found: /media/logos/for_light_oaA8fHg.png
[21/Apr/2026 18:42:39] "GET /media/logos/for_light_oaA8fHg.png HTTP/1.1" 404 18154
Not Found: /media/logos/for_dark_pG4gibW.png
[21/Apr/2026 18:42:39] "GET /media/logos/for_dark_pG4gibW.png HTTP/1.1" 404 18150
Not Found: /media/videos/AQPQUEL0XKDNaKfQThSvVvzuY2wehdQyvWPxkpVMeghMUKwYjvRkeTsIAuie64t.mp4
[21/Apr/2026 18:42:39] "GET /media/videos/AQPQUEL0XKDNaKfQThSvVvzuY2wehdQyvWPxkpVMeghMUKwYjvRkeTsIAuie64t.mp4 HTTP/1.1" 404 18342
[21/Apr/2026 18:42:39] "GET /media/banners/red.png HTTP/1.1" 200 9052243
[21/Apr/2026 18:42:39] "GET /static/site.webmanifest HTTP/1.1" 404 1975
Not Found: /media/videos/AQPQUEL0XKDNaKfQThSvVvzuY2wehdQyvWPxkpVMeghMUKwYjvRkeTsIAuie64t.mp4
[21/Apr/2026 18:42:40] "HEAD /media/videos/AQPQUEL0XKDNaKfQThSvVvzuY2wehdQyvWPxkpVMeghMUKwYjvRkeTsIAuie64t.mp4 HTTP/1.1" 404 0
Not Found: /media/videos/IMG_7661_iwNl2Ft.MOV
[21/Apr/2026 18:42:40] "HEAD /media/videos/IMG_7661_iwNl2Ft.MOV HTTP/1.1" 404 0
[21/Apr/2026 18:42:45] "GET / HTTP/1.1" 200 44050
Not Found: /.well-known/appspecific/com.chrome.devtools.json
[21/Apr/2026 18:42:45] "GET /.well-known/appspecific/com.chrome.devtools.json HTTP/1.1" 404 18152
Not Found: /media/logos/for_dark_pG4gibW.png
[21/Apr/2026 18:42:45] "GET /media/logos/for_dark_pG4gibW.png HTTP/1.1" 404 18150
[21/Apr/2026 18:42:50] "GET /about/ HTTP/1.1" 200 34713
Not Found: /.well-known/appspecific/com.chrome.devtools.json
[21/Apr/2026 18:42:50] "GET /.well-known/appspecific/com.chrome.devtools.json HTTP/1.1" 404 18152
Not Found: /media/logos/for_dark_pG4gibW.png
[21/Apr/2026 18:42:50] "GET /media/logos/for_dark_pG4gibW.png HTTP/1.1" 404 18150
[21/Apr/2026 18:42:50] "GET /media/banners/red.png HTTP/1.1" 304 0
Not Found: /media/videos/AQPQUEL0XKDNaKfQThSvVvzuY2wehdQyvWPxkpVMeghMUKwYjvRkeTsIAuie64t.mp4
[21/Apr/2026 18:42:50] "GET /media/videos/AQPQUEL0XKDNaKfQThSvVvzuY2wehdQyvWPxkpVMeghMUKwYjvRkeTsIAuie64t.mp4 HTTP/1.1" 404 18342
Not Found: /media/logos/for_dark_pG4gibW.png
[21/Apr/2026 18:42:50] "GET /media/logos/for_dark_pG4gibW.png HTTP/1.1" 404 18150
Not Found: /media/videos/IMG_7661_iwNl2Ft.MOV
[21/Apr/2026 18:42:50] "GET /media/videos/IMG_7661_iwNl2Ft.MOV HTTP/1.1" 404 18154
Not Found: /media/videos/AQPQUEL0XKDNaKfQThSvVvzuY2wehdQyvWPxkpVMeghMUKwYjvRkeTsIAuie64t.mp4
[21/Apr/2026 18:42:52] "HEAD /media/videos/AQPQUEL0XKDNaKfQThSvVvzuY2wehdQyvWPxkpVMeghMUKwYjvRkeTsIAuie64t.mp4 HTTP/1.1" 404 0
Not Found: /media/videos/IMG_7661_iwNl2Ft.MOV
[21/Apr/2026 18:42:52] "HEAD /media/videos/IMG_7661_iwNl2Ft.MOV HTTP/1.1" 404 0
[21/Apr/2026 18:46:15] "GET /static/images/placeholder.svg HTTP/1.1" 200 189
[21/Apr/2026 18:46:28] "GET / HTTP/1.1" 200 44050
[21/Apr/2026 18:46:28] "GET /static/medic/css/animate.min.css HTTP/1.1" 304 0
[21/Apr/2026 18:46:28] "GET /static/medic/css/bootstrap.min.css HTTP/1.1" 304 0
[21/Apr/2026 18:46:28] "GET /static/medic/css/owl.carousel.min.css HTTP/1.1" 304 0
[21/Apr/2026 18:46:28] "GET /static/medic/css/owl.theme.default.min.css HTTP/1.1" 304 0
[21/Apr/2026 18:46:28] "GET /static/medic/css/magnific-popup.min.css HTTP/1.1" 304 0
[21/Apr/2026 18:46:28] "GET /static/medic/css/boxicons.min.css HTTP/1.1" 304 0
[21/Apr/2026 18:46:28] "GET /static/medic/css/flaticon.css HTTP/1.1" 304 0
[21/Apr/2026 18:46:28] "GET /static/medic/css/meanmenu.min.css HTTP/1.1" 304 0
[21/Apr/2026 18:46:28] "GET /static/medic/css/nice-select.min.css HTTP/1.1" 304 0
[21/Apr/2026 18:46:28] "GET /static/medic/css/odometer.min.css HTTP/1.1" 304 0
[21/Apr/2026 18:46:28] "GET /static/medic/css/style.css HTTP/1.1" 304 0
[21/Apr/2026 18:46:28] "GET /static/medic/css/responsive.css HTTP/1.1" 304 0
[21/Apr/2026 18:46:28] "GET /static/medic/css/aos.css HTTP/1.1" 304 0
[21/Apr/2026 18:46:28] "GET /static/medic/js/jquery.min.js HTTP/1.1" 304 0
[21/Apr/2026 18:46:28] "GET /static/medic/img/index/img3.png HTTP/1.1" 304 0
[21/Apr/2026 18:46:28] "GET /static/medic/js/meanmenu.min.js HTTP/1.1" 304 0
[21/Apr/2026 18:46:28] "GET /static/medic/js/wow.min.js HTTP/1.1" 304 0
[21/Apr/2026 18:46:28] "GET /static/medic/js/bootstrap.bundle.min.js HTTP/1.1" 304 0
[21/Apr/2026 18:46:28] "GET /static/medic/fonts/boxicons.woff2 HTTP/1.1" 304 0
[21/Apr/2026 18:46:28] "GET /static/medic/fonts/Flaticon.woff2 HTTP/1.1" 304 0
[21/Apr/2026 18:46:28] "GET /static/medic/js/magnific-popup.min.js HTTP/1.1" 304 0
[21/Apr/2026 18:46:28] "GET /static/medic/js/owl.carousel.min.js HTTP/1.1" 304 0
[21/Apr/2026 18:46:28] "GET /static/medic/js/appear.min.js HTTP/1.1" 304 0
[21/Apr/2026 18:46:28] "GET /static/medic/js/nice-select.min.js HTTP/1.1" 304 0
[21/Apr/2026 18:46:28] "GET /static/medic/js/odometer.min.js HTTP/1.1" 304 0
Not Found: /media/logos/for_dark_pG4gibW.png
[21/Apr/2026 18:46:28] "GET /media/logos/for_dark_pG4gibW.png HTTP/1.1" 404 18150
[21/Apr/2026 18:46:28] "GET /static/medic/js/form-validator.min.js HTTP/1.1" 304 0
[21/Apr/2026 18:46:28] "GET /static/medic/js/bootstrap-datepicker.min.js HTTP/1.1" 304 0
[21/Apr/2026 18:46:28] "GET /static/medic/js/contact-form-script.js HTTP/1.1" 304 0
[21/Apr/2026 18:46:28] "GET /static/medic/js/ajaxchimp.min.js HTTP/1.1" 304 0
[21/Apr/2026 18:46:28] "GET /static/medic/js/aos.js HTTP/1.1" 304 0
[21/Apr/2026 18:46:28] "GET /static/medic/js/custom.js HTTP/1.1" 304 0
[21/Apr/2026 18:46:28] "GET /media/profile_pictures/7_2_Y9RCVwo.png HTTP/1.1" 304 0
[21/Apr/2026 18:46:28] "GET /media/profile_pictures/6_2_axUFR2L.png HTTP/1.1" 304 0
[21/Apr/2026 18:46:28] "GET /static/medic/favicon/site.webmanifest HTTP/1.1" 304 0
[21/Apr/2026 18:46:28] "GET /media/news_images/33522124_0_129_1280_849_1920x0_80_0_0_0d82e09f4ae4ff5078b54373644dd131.jpg HTTP/1.1" 304 0
[21/Apr/2026 18:46:28] "GET /media/news_images/45563094_0_104_2000_1229_1920x0_80_0_0_7aeca3e40024187227391019c2b597d2.jpg HTTP/1.1" 304 0
[21/Apr/2026 18:46:28] "GET /media/partners/InPlus_landscape-pink.png HTTP/1.1" 304 0
[21/Apr/2026 18:46:28] "GET /media/profile_pictures/9_2.png HTTP/1.1" 304 0
[21/Apr/2026 18:46:28] "GET /media/partners/Asakabank_new-01_GG5wwIr.png HTTP/1.1" 304 0
[21/Apr/2026 18:46:28] "GET /media/news_images/35790097_0_143_3132_1905_1920x0_80_0_0_d59647657d5eeb6d61a01c5ec0729918.jpg HTTP/1.1" 304 0
[21/Apr/2026 18:46:31] "GET /news/ HTTP/1.1" 200 32652
Not Found: /media/logos/for_dark_pG4gibW.png
[21/Apr/2026 18:46:31] "GET /media/logos/for_dark_pG4gibW.png HTTP/1.1" 404 18150
[21/Apr/2026 18:46:35] "GET /news-view HTTP/1.1" 200 32964
[21/Apr/2026 18:46:35] "GET /static/css/main.min.css HTTP/1.1" 304 0
[21/Apr/2026 18:46:35] "GET /static/images/logo-sm.svg HTTP/1.1" 304 0
[21/Apr/2026 18:46:35] "GET /static/fonts/remix/remixicon.css HTTP/1.1" 304 0
[21/Apr/2026 18:46:35] "GET /static/fonts/flag-icon-css/flags/ru.svg HTTP/1.1" 304 0
[21/Apr/2026 18:46:35] "GET /static/vendor/overlay-scroll/OverlayScrollbars.min.css HTTP/1.1" 304 0
[21/Apr/2026 18:46:35] "GET /static/fonts/flag-icon-css/flags/uz.svg HTTP/1.1" 304 0
[21/Apr/2026 18:46:35] "GET /static/js/jquery.min.js HTTP/1.1" 304 0
[21/Apr/2026 18:46:35] "GET /static/fonts/flag-icon-css/flags/en.svg HTTP/1.1" 304 0
[21/Apr/2026 18:46:35] "GET /static/js/bootstrap.bundle.min.js HTTP/1.1" 304 0
[21/Apr/2026 18:46:35] "GET /static/vendor/overlay-scroll/jquery.overlayScrollbars.min.js HTTP/1.1" 304 0
[21/Apr/2026 18:46:35] "GET /static/js/custom.js HTTP/1.1" 304 0
[21/Apr/2026 18:46:35] "GET /static/js/moment.min.js HTTP/1.1" 304 0
[21/Apr/2026 18:46:35] "GET /static/vendor/overlay-scroll/custom-scrollbar.js HTTP/1.1" 304 0
[21/Apr/2026 18:46:35] "GET /static/site.webmanifest HTTP/1.1" 404 1975
[21/Apr/2026 18:46:35] "GET /static/fonts/flag-icon-css/flags/de.svg HTTP/1.1" 304 0
[21/Apr/2026 18:46:35] "GET /static/images/user.png HTTP/1.1" 304 0
[21/Apr/2026 18:46:35] "GET /static/fonts/flag-icon-css/flags/tr.svg HTTP/1.1" 304 0
[21/Apr/2026 18:46:35] "GET /static/js/jquery.min.js HTTP/1.1" 304 0
[21/Apr/2026 18:46:35] "GET /static/vendor/overlay-scroll/jquery.overlayScrollbars.min.js HTTP/1.1" 304 0
[21/Apr/2026 18:46:35] "GET /static/js/bootstrap.bundle.min.js HTTP/1.1" 304 0
[21/Apr/2026 18:46:35] "GET /static/vendor/overlay-scroll/custom-scrollbar.js HTTP/1.1" 304 0
[21/Apr/2026 18:46:35] "GET /static/js/custom.js HTTP/1.1" 304 0
[21/Apr/2026 18:46:35] "GET /static/js/moment.min.js HTTP/1.1" 304 0
[21/Apr/2026 18:46:35] "GET /static/fonts/remix/remixicon.woff2@t=1705244689813 HTTP/1.1" 304 0
[21/Apr/2026 18:46:36] "GET /static/site.webmanifest HTTP/1.1" 404 1975
D:\Github\DOCTOR-A\config\telegram_bot.py changed, reloading.
Watching for file changes with StatReloader
Exception in thread django-main-thread:
Traceback (most recent call last):
  File "C:\Users\user\AppData\Local\Programs\Python\Python314\Lib\threading.py", line 1082, in _bootstrap_inner
    self._context.run(self.run)
    ~~~~~~~~~~~~~~~~~^^^^^^^^^^
  File "C:\Users\user\AppData\Local\Programs\Python\Python314\Lib\threading.py", line 1024, in run
    self._target(*self._args, **self._kwargs)
    ~~~~~~~~~~~~^^^^^^^^^^^^^^^^^^^^^^^^^^^^^
  File "D:\Github\DOCTOR-A\.venv\Lib\site-packages\django\utils\autoreload.py", line 64, in wrapper
    fn(*args, **kwargs)
    ~~^^^^^^^^^^^^^^^^^
  File "D:\Github\DOCTOR-A\.venv\Lib\site-packages\django\core\management\commands\runserver.py", line 126, in inner_run
    autoreload.raise_last_exception()
    ~~~~~~~~~~~~~~~~~~~~~~~~~~~~~~~^^
  File "D:\Github\DOCTOR-A\.venv\Lib\site-packages\django\utils\autoreload.py", line 87, in raise_last_exception
    raise _exception[1]
  File "D:\Github\DOCTOR-A\.venv\Lib\site-packages\django\core\management\__init__.py", line 394, in execute
    autoreload.check_errors(django.setup)()
    ~~~~~~~~~~~~~~~~~~~~~~~~~~~~~~~~~~~~~^^
  File "D:\Github\DOCTOR-A\.venv\Lib\site-packages\django\utils\autoreload.py", line 64, in wrapper
    fn(*args, **kwargs)
    ~~^^^^^^^^^^^^^^^^^
  File "D:\Github\DOCTOR-A\.venv\Lib\site-packages\django\__init__.py", line 24, in setup
    apps.populate(settings.INSTALLED_APPS)
    ~~~~~~~~~~~~~^^^^^^^^^^^^^^^^^^^^^^^^^
  File "D:\Github\DOCTOR-A\.venv\Lib\site-packages\django\apps\registry.py", line 91, in populate
    app_config = AppConfig.create(entry)
  File "D:\Github\DOCTOR-A\.venv\Lib\site-packages\django\apps\config.py", line 193, in create
    import_module(entry)
    ~~~~~~~~~~~~~^^^^^^^
  File "C:\Users\user\AppData\Local\Programs\Python\Python314\Lib\importlib\__init__.py", line 88, in import_module
    return _bootstrap._gcd_import(name[level:], package, level)
           ~~~~~~~~~~~~~~~~~~~~~~^^^^^^^^^^^^^^^^^^^^^^^^^^^^^^
  File "<frozen importlib._bootstrap>", line 1406, in _gcd_import
  File "<frozen importlib._bootstrap>", line 1371, in _find_and_load
  File "<frozen importlib._bootstrap>", line 1335, in _find_and_load_unlocked
ModuleNotFoundError: No module named 'members'
D:\Github\DOCTOR-A\config\settings.py changed, reloading.
Watching for file changes with StatReloader
[21/Apr/2026 18:50:41] "GET / HTTP/1.1" 200 44050
[21/Apr/2026 18:50:41] "GET /members/employees/ HTTP/1.1" 302 0
[21/Apr/2026 18:51:42] "GET /news/ HTTP/1.1" 200 32652
Not Found: /media/logos/for_dark_pG4gibW.png
[21/Apr/2026 18:51:42] "GET /media/logos/for_dark_pG4gibW.png HTTP/1.1" 404 18150
[21/Apr/2026 18:51:43] "GET /static/medic/favicon/favicon.ico HTTP/1.1" 304 0
[21/Apr/2026 18:51:43] "GET /static/medic/js/jquery.min.js HTTP/1.1" 304 0
[21/Apr/2026 18:51:43] "GET /static/medic/js/meanmenu.min.js HTTP/1.1" 304 0
[21/Apr/2026 18:51:43] "GET /static/medic/js/bootstrap.bundle.min.js HTTP/1.1" 304 0
[21/Apr/2026 18:51:43] "GET /static/medic/js/appear.min.js HTTP/1.1" 304 0
[21/Apr/2026 18:51:43] "GET /static/medic/js/odometer.min.js HTTP/1.1" 304 0
[21/Apr/2026 18:51:43] "GET /static/medic/js/wow.min.js HTTP/1.1" 304 0
[21/Apr/2026 18:51:43] "GET /static/medic/js/owl.carousel.min.js HTTP/1.1" 304 0
[21/Apr/2026 18:51:43] "GET /static/medic/js/bootstrap-datepicker.min.js HTTP/1.1" 304 0
[21/Apr/2026 18:51:43] "GET /static/medic/js/magnific-popup.min.js HTTP/1.1" 304 0
[21/Apr/2026 18:51:43] "GET /static/medic/js/nice-select.min.js HTTP/1.1" 304 0
[21/Apr/2026 18:51:43] "GET /static/medic/js/contact-form-script.js HTTP/1.1" 304 0
[21/Apr/2026 18:51:43] "GET /static/medic/js/form-validator.min.js HTTP/1.1" 304 0
[21/Apr/2026 18:51:43] "GET /static/medic/js/ajaxchimp.min.js HTTP/1.1" 304 0
[21/Apr/2026 18:51:43] "GET /static/medic/js/aos.js HTTP/1.1" 304 0
[21/Apr/2026 18:51:43] "GET /static/medic/js/custom.js HTTP/1.1" 304 0
[21/Apr/2026 18:51:52] "GET /administrator/settings HTTP/1.1" 200 61666
[21/Apr/2026 18:51:52] "GET /static/site.webmanifest HTTP/1.1" 404 1975
Not Found: /media/logos/for_light_oaA8fHg.png
[21/Apr/2026 18:51:53] "GET /media/logos/for_light_oaA8fHg.png HTTP/1.1" 404 18154
Not Found: /media/logos/for_dark_pG4gibW.png
[21/Apr/2026 18:51:53] "GET /media/logos/for_dark_pG4gibW.png HTTP/1.1" 404 18150
Not Found: /media/videos/IMG_7661_iwNl2Ft.MOV
[21/Apr/2026 18:51:53] "GET /media/videos/IMG_7661_iwNl2Ft.MOV HTTP/1.1" 404 18154
[21/Apr/2026 18:51:53] "GET /static/medic/favicon/favicon-32x32.png HTTP/1.1" 304 0
[21/Apr/2026 18:51:53] "GET /media/banners/red.png HTTP/1.1" 304 0
Not Found: /media/videos/AQPQUEL0XKDNaKfQThSvVvzuY2wehdQyvWPxkpVMeghMUKwYjvRkeTsIAuie64t.mp4
[21/Apr/2026 18:51:53] "GET /media/videos/AQPQUEL0XKDNaKfQThSvVvzuY2wehdQyvWPxkpVMeghMUKwYjvRkeTsIAuie64t.mp4 HTTP/1.1" 404 18342
[21/Apr/2026 18:51:53] "GET /static/site.webmanifest HTTP/1.1" 404 1975
Not Found: /media/videos/IMG_7661_iwNl2Ft.MOV
[21/Apr/2026 18:51:54] "HEAD /media/videos/IMG_7661_iwNl2Ft.MOV HTTP/1.1" 404 0
Not Found: /media/videos/AQPQUEL0XKDNaKfQThSvVvzuY2wehdQyvWPxkpVMeghMUKwYjvRkeTsIAuie64t.mp4
[21/Apr/2026 18:51:54] "HEAD /media/videos/AQPQUEL0XKDNaKfQThSvVvzuY2wehdQyvWPxkpVMeghMUKwYjvRkeTsIAuie64t.mp4 HTTP/1.1" 404 0
[21/Apr/2026 18:54:28] "GET /administrator/checkup-applications HTTP/1.1" 200 23832
[21/Apr/2026 18:54:28] "GET /static/fonts/remix/remixicon.css HTTP/1.1" 304 0
[21/Apr/2026 18:54:28] "GET /static/images/user.png HTTP/1.1" 304 0
[21/Apr/2026 18:54:28] "GET /static/css/main.min.css HTTP/1.1" 304 0
[21/Apr/2026 18:54:28] "GET /static/vendor/overlay-scroll/OverlayScrollbars.min.css HTTP/1.1" 304 0
[21/Apr/2026 18:54:28] "GET /static/js/bootstrap.bundle.min.js HTTP/1.1" 304 0
[21/Apr/2026 18:54:28] "GET /static/js/jquery.min.js HTTP/1.1" 304 0
[21/Apr/2026 18:54:28] "GET /static/fonts/flag-icon-css/flags/en.svg HTTP/1.1" 304 0
[21/Apr/2026 18:54:28] "GET /static/images/logo-sm.svg HTTP/1.1" 304 0
[21/Apr/2026 18:54:28] "GET /static/fonts/flag-icon-css/flags/ru.svg HTTP/1.1" 304 0
[21/Apr/2026 18:54:28] "GET /static/fonts/flag-icon-css/flags/uz.svg HTTP/1.1" 304 0
[21/Apr/2026 18:54:28] "GET /static/js/moment.min.js HTTP/1.1" 304 0
[21/Apr/2026 18:54:28] "GET /static/vendor/overlay-scroll/custom-scrollbar.js HTTP/1.1" 304 0
[21/Apr/2026 18:54:28] "GET /static/vendor/overlay-scroll/jquery.overlayScrollbars.min.js HTTP/1.1" 304 0
[21/Apr/2026 18:54:28] "GET /static/js/custom.js HTTP/1.1" 304 0
[21/Apr/2026 18:54:28] "GET /static/fonts/flag-icon-css/flags/de.svg HTTP/1.1" 304 0
[21/Apr/2026 18:54:28] "GET /static/fonts/remix/remixicon.woff2@t=1705244689813 HTTP/1.1" 304 0
[21/Apr/2026 18:54:28] "GET /static/site.webmanifest HTTP/1.1" 404 1975
[21/Apr/2026 18:54:28] "GET /static/fonts/flag-icon-css/flags/tr.svg HTTP/1.1" 304 0
[21/Apr/2026 18:54:29] "GET /static/site.webmanifest HTTP/1.1" 404 1975
[21/Apr/2026 18:54:30] "GET /static/js/jquery.min.js HTTP/1.1" 304 0
[21/Apr/2026 18:54:30] "GET /static/js/bootstrap.bundle.min.js HTTP/1.1" 304 0
[21/Apr/2026 18:54:30] "GET /static/vendor/overlay-scroll/custom-scrollbar.js HTTP/1.1" 304 0
[21/Apr/2026 18:54:30] "GET /static/js/moment.min.js HTTP/1.1" 304 0
[21/Apr/2026 18:54:30] "GET /static/js/custom.js HTTP/1.1" 304 0
[21/Apr/2026 18:54:30] "GET /static/vendor/overlay-scroll/jquery.overlayScrollbars.min.js HTTP/1.1" 304 0
[21/Apr/2026 18:54:36] "GET /administrator/appointmentView HTTP/1.1" 200 21359
[21/Apr/2026 18:54:37] "GET /static/site.webmanifest HTTP/1.1" 404 1975
[21/Apr/2026 18:54:37] "GET /static/site.webmanifest HTTP/1.1" 404 1975
[21/Apr/2026 18:54:39] "GET /administrator/clinic/equipment/ HTTP/1.1" 200 50833
[21/Apr/2026 18:54:39] "GET /static/site.webmanifest HTTP/1.1" 404 1975
[21/Apr/2026 18:54:39] "GET /media/equipment/jumong-e1666600524877.png HTTP/1.1" 200 101639
[21/Apr/2026 18:54:39] "GET /media/equipment/800-x-optima_mr_450w_gem_suite_product_PrgIGMg.jpg HTTP/1.1" 200 293442
[21/Apr/2026 18:54:40] "GET /static/site.webmanifest HTTP/1.1" 404 1975
[21/Apr/2026 18:54:46] "GET /equipment/ HTTP/1.1" 200 38158
[21/Apr/2026 18:54:46] "GET /static/medic/css/owl.theme.default.min.css HTTP/1.1" 304 0
[21/Apr/2026 18:54:46] "GET /static/medic/css/boxicons.min.css HTTP/1.1" 304 0
[21/Apr/2026 18:54:46] "GET /static/medic/css/animate.min.css HTTP/1.1" 304 0
[21/Apr/2026 18:54:46] "GET /static/medic/css/bootstrap.min.css HTTP/1.1" 304 0
[21/Apr/2026 18:54:46] "GET /static/medic/css/magnific-popup.min.css HTTP/1.1" 304 0
[21/Apr/2026 18:54:46] "GET /static/medic/css/flaticon.css HTTP/1.1" 304 0
[21/Apr/2026 18:54:46] "GET /static/medic/css/owl.carousel.min.css HTTP/1.1" 304 0
[21/Apr/2026 18:54:46] "GET /static/medic/css/odometer.min.css HTTP/1.1" 304 0
[21/Apr/2026 18:54:46] "GET /static/medic/css/meanmenu.min.css HTTP/1.1" 304 0
[21/Apr/2026 18:54:46] "GET /static/medic/css/nice-select.min.css HTTP/1.1" 304 0
[21/Apr/2026 18:54:46] "GET /static/medic/css/aos.css HTTP/1.1" 304 0
[21/Apr/2026 18:54:46] "GET /static/medic/css/style.css HTTP/1.1" 304 0
[21/Apr/2026 18:54:46] "GET /static/medic/js/jquery.min.js HTTP/1.1" 304 0
[21/Apr/2026 18:54:46] "GET /static/medic/css/responsive.css HTTP/1.1" 304 0
[21/Apr/2026 18:54:46] "GET /static/medic/js/meanmenu.min.js HTTP/1.1" 304 0
[21/Apr/2026 18:54:46] "GET /static/medic/js/wow.min.js HTTP/1.1" 304 0
[21/Apr/2026 18:54:46] "GET /static/medic/js/owl.carousel.min.js HTTP/1.1" 304 0
[21/Apr/2026 18:54:46] "GET /static/medic/js/bootstrap.bundle.min.js HTTP/1.1" 304 0
[21/Apr/2026 18:54:46] "GET /static/medic/js/magnific-popup.min.js HTTP/1.1" 304 0
[21/Apr/2026 18:54:46] "GET /static/medic/img/equipment/equipment.jpeg HTTP/1.1" 200 132978
Not Found: /media/logos/for_dark_pG4gibW.png
[21/Apr/2026 18:54:46] "GET /media/logos/for_dark_pG4gibW.png HTTP/1.1" 404 18150
[21/Apr/2026 18:54:46] "GET /static/medic/js/bootstrap-datepicker.min.js HTTP/1.1" 304 0
[21/Apr/2026 18:54:46] "GET /static/medic/js/appear.min.js HTTP/1.1" 304 0
[21/Apr/2026 18:54:46] "GET /static/medic/js/nice-select.min.js HTTP/1.1" 304 0
[21/Apr/2026 18:54:46] "GET /static/medic/js/odometer.min.js HTTP/1.1" 304 0
[21/Apr/2026 18:54:46] "GET /static/medic/js/form-validator.min.js HTTP/1.1" 304 0
[21/Apr/2026 18:54:46] "GET /static/medic/fonts/Flaticon.woff2 HTTP/1.1" 304 0
[21/Apr/2026 18:54:46] "GET /static/medic/fonts/boxicons.woff2 HTTP/1.1" 304 0
[21/Apr/2026 18:54:46] "GET /static/medic/js/ajaxchimp.min.js HTTP/1.1" 304 0
[21/Apr/2026 18:54:46] "GET /static/medic/js/custom.js HTTP/1.1" 304 0
[21/Apr/2026 18:54:46] "GET /static/medic/js/aos.js HTTP/1.1" 304 0
[21/Apr/2026 18:54:46] "GET /static/medic/js/contact-form-script.js HTTP/1.1" 304 0
[21/Apr/2026 18:54:46] "GET /static/medic/favicon/site.webmanifest HTTP/1.1" 304 0
[21/Apr/2026 18:54:57] "GET /equipment/?page=2 HTTP/1.1" 200 34808
Not Found: /media/logos/for_dark_pG4gibW.png
[21/Apr/2026 18:54:57] "GET /media/logos/for_dark_pG4gibW.png HTTP/1.1" 404 18150
[21/Apr/2026 18:59:28] "GET /administrator/settings HTTP/1.1" 200 45620
[21/Apr/2026 18:59:28] "GET /static/css/admin-settings.css HTTP/1.1" 200 2714
[21/Apr/2026 18:59:28] "GET /static/vendor/quill/quill.core.css HTTP/1.1" 200 26254
[21/Apr/2026 18:59:28] "GET /static/site.webmanifest HTTP/1.1" 404 1975
[21/Apr/2026 18:59:28] "GET /static/js/admin-settings.js HTTP/1.1" 200 4391
[21/Apr/2026 18:59:28] "GET /static/vendor/quill/quill.min.js HTTP/1.1" 200 215319
[21/Apr/2026 18:59:28] "GET /media/banners/red.png HTTP/1.1" 304 0
Not Found: /media/logos/for_dark_pG4gibW.png
[21/Apr/2026 18:59:28] "GET /media/logos/for_dark_pG4gibW.png HTTP/1.1" 404 18150
Not Found: /media/videos/AQPQUEL0XKDNaKfQThSvVvzuY2wehdQyvWPxkpVMeghMUKwYjvRkeTsIAuie64t.mp4
[21/Apr/2026 18:59:28] "GET /media/videos/AQPQUEL0XKDNaKfQThSvVvzuY2wehdQyvWPxkpVMeghMUKwYjvRkeTsIAuie64t.mp4 HTTP/1.1" 404 18342
Not Found: /media/logos/for_light_oaA8fHg.png
[21/Apr/2026 18:59:28] "GET /media/logos/for_light_oaA8fHg.png HTTP/1.1" 404 18154
Not Found: /media/videos/IMG_7661_iwNl2Ft.MOV
[21/Apr/2026 18:59:28] "GET /media/videos/IMG_7661_iwNl2Ft.MOV HTTP/1.1" 404 18154
[21/Apr/2026 18:59:29] "GET /static/site.webmanifest HTTP/1.1" 404 1975
Not Found: /media/videos/IMG_7661_iwNl2Ft.MOV
[21/Apr/2026 18:59:30] "HEAD /media/videos/IMG_7661_iwNl2Ft.MOV HTTP/1.1" 404 0
Not Found: /media/videos/AQPQUEL0XKDNaKfQThSvVvzuY2wehdQyvWPxkpVMeghMUKwYjvRkeTsIAuie64t.mp4
[21/Apr/2026 18:59:30] "HEAD /media/videos/AQPQUEL0XKDNaKfQThSvVvzuY2wehdQyvWPxkpVMeghMUKwYjvRkeTsIAuie64t.mp4 HTTP/1.1" 404 0
[21/Apr/2026 18:59:34] "GET /static/js/admin-settings.js HTTP/1.1" 200 4391
[21/Apr/2026 18:59:34] "GET /static/vendor/quill/quill.min.js HTTP/1.1" 200 215319
[21/Apr/2026 18:59:56] "GET /administrator/checkup-applications HTTP/1.1" 200 23832
[21/Apr/2026 18:59:56] "GET /static/site.webmanifest HTTP/1.1" 404 1975
[21/Apr/2026 18:59:56] "GET /static/site.webmanifest HTTP/1.1" 404 1975
[21/Apr/2026 18:59:58] "GET /administrator/settings HTTP/1.1" 200 45620
[21/Apr/2026 18:59:58] "GET /static/js/admin-settings.js HTTP/1.1" 304 0
[21/Apr/2026 18:59:58] "GET /static/css/admin-settings.css HTTP/1.1" 304 0
[21/Apr/2026 18:59:59] "GET /static/site.webmanifest HTTP/1.1" 404 1975
[21/Apr/2026 18:59:59] "GET /static/medic/favicon/favicon-32x32.png HTTP/1.1" 304 0
Not Found: /media/logos/for_light_oaA8fHg.png
[21/Apr/2026 18:59:59] "GET /media/logos/for_light_oaA8fHg.png HTTP/1.1" 404 18154
Not Found: /media/videos/AQPQUEL0XKDNaKfQThSvVvzuY2wehdQyvWPxkpVMeghMUKwYjvRkeTsIAuie64t.mp4
[21/Apr/2026 18:59:59] "GET /media/videos/AQPQUEL0XKDNaKfQThSvVvzuY2wehdQyvWPxkpVMeghMUKwYjvRkeTsIAuie64t.mp4 HTTP/1.1" 404 18342
Not Found: /media/logos/for_dark_pG4gibW.png
[21/Apr/2026 18:59:59] "GET /media/logos/for_dark_pG4gibW.png HTTP/1.1" 404 18150
Not Found: /media/videos/IMG_7661_iwNl2Ft.MOV
[21/Apr/2026 18:59:59] "GET /media/videos/IMG_7661_iwNl2Ft.MOV HTTP/1.1" 404 18154
[21/Apr/2026 18:59:59] "GET /static/site.webmanifest HTTP/1.1" 404 1975
Not Found: /media/videos/IMG_7661_iwNl2Ft.MOV
[21/Apr/2026 19:00:00] "HEAD /media/videos/IMG_7661_iwNl2Ft.MOV HTTP/1.1" 404 0
Not Found: /media/videos/AQPQUEL0XKDNaKfQThSvVvzuY2wehdQyvWPxkpVMeghMUKwYjvRkeTsIAuie64t.mp4
[21/Apr/2026 19:00:00] "HEAD /media/videos/AQPQUEL0XKDNaKfQThSvVvzuY2wehdQyvWPxkpVMeghMUKwYjvRkeTsIAuie64t.mp4 HTTP/1.1" 404 0
[21/Apr/2026 19:00:01] "GET /static/js/admin-settings.js HTTP/1.1" 304 0
[21/Apr/2026 19:00:15] "GET /static/css/admin-settings.css HTTP/1.1" 200 2714
[21/Apr/2026 19:00:15] "GET /static/js/admin-settings.js HTTP/1.1" 200 4391
[21/Apr/2026 19:00:15] "GET /static/vendor/quill/quill.core.css HTTP/1.1" 200 26254
[21/Apr/2026 19:00:15] "GET /static/vendor/quill/quill.min.js HTTP/1.1" 200 215319
[21/Apr/2026 19:03:23] "GET /administrator/settings HTTP/1.1" 200 45620
[21/Apr/2026 19:03:23] "GET /static/fonts/remix/remixicon.css HTTP/1.1" 304 0
[21/Apr/2026 19:03:23] "GET /static/css/admin-settings.css HTTP/1.1" 304 0
[21/Apr/2026 19:03:23] "GET /static/css/main.min.css HTTP/1.1" 304 0
[21/Apr/2026 19:03:23] "GET /static/images/logo-sm.svg HTTP/1.1" 304 0
[21/Apr/2026 19:03:23] "GET /static/fonts/flag-icon-css/flags/uz.svg HTTP/1.1" 304 0
[21/Apr/2026 19:03:23] "GET /static/vendor/overlay-scroll/OverlayScrollbars.min.css HTTP/1.1" 304 0
[21/Apr/2026 19:03:23] "GET /static/js/jquery.min.js HTTP/1.1" 304 0
[21/Apr/2026 19:03:23] "GET /static/css/admin-settings.css HTTP/1.1" 200 2714
[21/Apr/2026 19:03:23] "GET /static/js/admin-settings.js HTTP/1.1" 200 4862
[21/Apr/2026 19:03:23] "GET /static/fonts/flag-icon-css/flags/ru.svg HTTP/1.1" 304 0
[21/Apr/2026 19:03:23] "GET /static/fonts/flag-icon-css/flags/en.svg HTTP/1.1" 304 0
[21/Apr/2026 19:03:23] "GET /static/js/moment.min.js HTTP/1.1" 304 0
[21/Apr/2026 19:03:23] "GET /static/js/bootstrap.bundle.min.js HTTP/1.1" 304 0
[21/Apr/2026 19:03:23] "GET /static/vendor/overlay-scroll/custom-scrollbar.js HTTP/1.1" 304 0
[21/Apr/2026 19:03:23] "GET /static/js/custom.js HTTP/1.1" 304 0
[21/Apr/2026 19:03:23] "GET /static/vendor/overlay-scroll/jquery.overlayScrollbars.min.js HTTP/1.1" 304 0
[21/Apr/2026 19:03:23] "GET /static/js/admin-settings.js HTTP/1.1" 200 4862
[21/Apr/2026 19:03:23] "GET /static/fonts/flag-icon-css/flags/tr.svg HTTP/1.1" 304 0
[21/Apr/2026 19:03:23] "GET /static/images/user.png HTTP/1.1" 304 0
[21/Apr/2026 19:03:23] "GET /static/fonts/flag-icon-css/flags/de.svg HTTP/1.1" 304 0
[21/Apr/2026 19:03:23] "GET /static/site.webmanifest HTTP/1.1" 404 1975
[21/Apr/2026 19:03:23] "GET /static/fonts/remix/remixicon.woff2@t=1705244689813 HTTP/1.1" 304 0
Not Found: /media/logos/for_light_oaA8fHg.png
[21/Apr/2026 19:03:23] "GET /media/logos/for_light_oaA8fHg.png HTTP/1.1" 404 18154
Not Found: /media/logos/for_dark_pG4gibW.png
[21/Apr/2026 19:03:23] "GET /media/logos/for_dark_pG4gibW.png HTTP/1.1" 404 18150
Not Found: /media/videos/AQPQUEL0XKDNaKfQThSvVvzuY2wehdQyvWPxkpVMeghMUKwYjvRkeTsIAuie64t.mp4
[21/Apr/2026 19:03:23] "GET /media/videos/AQPQUEL0XKDNaKfQThSvVvzuY2wehdQyvWPxkpVMeghMUKwYjvRkeTsIAuie64t.mp4 HTTP/1.1" 404 18342
Not Found: /media/videos/IMG_7661_iwNl2Ft.MOV
[21/Apr/2026 19:03:23] "GET /media/videos/IMG_7661_iwNl2Ft.MOV HTTP/1.1" 404 18154
[21/Apr/2026 19:03:24] "GET /media/banners/red.png HTTP/1.1" 304 0
[21/Apr/2026 19:03:24] "GET /static/images/favicon.ico HTTP/1.1" 304 0
[21/Apr/2026 19:03:24] "GET /static/site.webmanifest HTTP/1.1" 404 1975
Not Found: /media/videos/IMG_7661_iwNl2Ft.MOV
[21/Apr/2026 19:03:25] "HEAD /media/videos/IMG_7661_iwNl2Ft.MOV HTTP/1.1" 404 0
Not Found: /media/videos/AQPQUEL0XKDNaKfQThSvVvzuY2wehdQyvWPxkpVMeghMUKwYjvRkeTsIAuie64t.mp4
[21/Apr/2026 19:03:25] "HEAD /media/videos/AQPQUEL0XKDNaKfQThSvVvzuY2wehdQyvWPxkpVMeghMUKwYjvRkeTsIAuie64t.mp4 HTTP/1.1" 404 0
[21/Apr/2026 19:03:27] "GET /static/js/jquery.min.js HTTP/1.1" 304 0
[21/Apr/2026 19:03:27] "GET /static/js/moment.min.js HTTP/1.1" 304 0
[21/Apr/2026 19:03:27] "GET /static/js/bootstrap.bundle.min.js HTTP/1.1" 304 0
[21/Apr/2026 19:03:27] "GET /static/vendor/overlay-scroll/custom-scrollbar.js HTTP/1.1" 304 0
[21/Apr/2026 19:03:27] "GET /static/vendor/overlay-scroll/jquery.overlayScrollbars.min.js HTTP/1.1" 304 0
[21/Apr/2026 19:03:27] "GET /static/js/custom.js HTTP/1.1" 304 0
[21/Apr/2026 19:03:27] "GET /static/js/admin-settings.js HTTP/1.1" 200 4862
[21/Apr/2026 19:03:38] "GET /administrator/logs HTTP/1.1" 200 26604
[21/Apr/2026 19:03:38] "GET /static/images/placeholder.png HTTP/1.1" 404 1993
[21/Apr/2026 19:03:38] "GET /static/vendor/fonts/flags/1x1/de.svg HTTP/1.1" 404 2014
[21/Apr/2026 19:03:38] "GET /static/site.webmanifest HTTP/1.1" 404 1975
[21/Apr/2026 19:03:38] "GET /static/vendor/fonts/flags/1x1/uz.svg HTTP/1.1" 404 2014
[21/Apr/2026 19:03:38] "GET /static/vendor/fonts/flags/1x1/en.svg HTTP/1.1" 404 2014
[21/Apr/2026 19:03:38] "GET /static/vendor/fonts/flags/1x1/ru.svg HTTP/1.1" 404 2014
[21/Apr/2026 19:03:38] "GET /static/vendor/fonts/flags/1x1/tr.svg HTTP/1.1" 404 2014
[21/Apr/2026 19:03:38] "GET /static/site.webmanifest HTTP/1.1" 404 1975
[21/Apr/2026 19:05:13] "GET /administrator/settings HTTP/1.1" 200 45620
[21/Apr/2026 19:05:13] "GET /static/css/admin-settings.css HTTP/1.1" 304 0
[21/Apr/2026 19:05:13] "GET /static/js/admin-settings.js HTTP/1.1" 304 0
[21/Apr/2026 19:05:13] "GET /static/site.webmanifest HTTP/1.1" 404 1975
Not Found: /media/videos/IMG_7661_iwNl2Ft.MOV
[21/Apr/2026 19:05:13] "GET /media/videos/IMG_7661_iwNl2Ft.MOV HTTP/1.1" 404 18154
Not Found: /media/videos/AQPQUEL0XKDNaKfQThSvVvzuY2wehdQyvWPxkpVMeghMUKwYjvRkeTsIAuie64t.mp4
[21/Apr/2026 19:05:13] "GET /media/videos/AQPQUEL0XKDNaKfQThSvVvzuY2wehdQyvWPxkpVMeghMUKwYjvRkeTsIAuie64t.mp4 HTTP/1.1" 404 18342
Not Found: /media/logos/for_light_oaA8fHg.png
[21/Apr/2026 19:05:13] "GET /media/logos/for_light_oaA8fHg.png HTTP/1.1" 404 18154
Not Found: /media/logos/for_dark_pG4gibW.png
[21/Apr/2026 19:05:13] "GET /media/logos/for_dark_pG4gibW.png HTTP/1.1" 404 18150
[21/Apr/2026 19:05:13] "GET /static/site.webmanifest HTTP/1.1" 404 1975
[21/Apr/2026 19:05:14] "GET /static/js/admin-settings.js HTTP/1.1" 304 0
Not Found: /media/videos/IMG_7661_iwNl2Ft.MOV
[21/Apr/2026 19:05:14] "HEAD /media/videos/IMG_7661_iwNl2Ft.MOV HTTP/1.1" 404 0
Not Found: /media/videos/AQPQUEL0XKDNaKfQThSvVvzuY2wehdQyvWPxkpVMeghMUKwYjvRkeTsIAuie64t.mp4
[21/Apr/2026 19:05:14] "HEAD /media/videos/AQPQUEL0XKDNaKfQThSvVvzuY2wehdQyvWPxkpVMeghMUKwYjvRkeTsIAuie64t.mp4 HTTP/1.1" 404 0
[21/Apr/2026 19:05:29] "GET /administrator/settings HTTP/1.1" 200 45620
[21/Apr/2026 19:05:29] "GET /static/js/admin-settings.js HTTP/1.1" 304 0
[21/Apr/2026 19:05:29] "GET /static/site.webmanifest HTTP/1.1" 404 1975
Not Found: /media/videos/AQPQUEL0XKDNaKfQThSvVvzuY2wehdQyvWPxkpVMeghMUKwYjvRkeTsIAuie64t.mp4
[21/Apr/2026 19:05:30] "GET /media/videos/AQPQUEL0XKDNaKfQThSvVvzuY2wehdQyvWPxkpVMeghMUKwYjvRkeTsIAuie64t.mp4 HTTP/1.1" 404 18342
[21/Apr/2026 19:05:30] "GET /media/banners/red.png HTTP/1.1" 304 0
Not Found: /media/logos/for_light_oaA8fHg.png
[21/Apr/2026 19:05:30] "GET /media/logos/for_light_oaA8fHg.png HTTP/1.1" 404 18154
Not Found: /media/logos/for_dark_pG4gibW.png
[21/Apr/2026 19:05:30] "GET /media/logos/for_dark_pG4gibW.png HTTP/1.1" 404 18150
Not Found: /media/videos/IMG_7661_iwNl2Ft.MOV
[21/Apr/2026 19:05:30] "GET /media/videos/IMG_7661_iwNl2Ft.MOV HTTP/1.1" 404 18154
[21/Apr/2026 19:05:30] "GET /static/site.webmanifest HTTP/1.1" 404 1975
Not Found: /media/videos/IMG_7661_iwNl2Ft.MOV
[21/Apr/2026 19:05:31] "HEAD /media/videos/IMG_7661_iwNl2Ft.MOV HTTP/1.1" 404 0
Not Found: /media/videos/AQPQUEL0XKDNaKfQThSvVvzuY2wehdQyvWPxkpVMeghMUKwYjvRkeTsIAuie64t.mp4
[21/Apr/2026 19:05:31] "HEAD /media/videos/AQPQUEL0XKDNaKfQThSvVvzuY2wehdQyvWPxkpVMeghMUKwYjvRkeTsIAuie64t.mp4 HTTP/1.1" 404 0
[21/Apr/2026 19:05:32] "GET /static/js/admin-settings.js HTTP/1.1" 304 0
[21/Apr/2026 19:06:08] "GET /administrator/logs HTTP/1.1" 200 26604
[21/Apr/2026 19:06:08] "GET /static/images/placeholder.png HTTP/1.1" 404 1993
[21/Apr/2026 19:06:08] "GET /static/vendor/fonts/flags/1x1/en.svg HTTP/1.1" 404 2014
[21/Apr/2026 19:06:08] "GET /static/vendor/fonts/flags/1x1/de.svg HTTP/1.1" 404 2014
[21/Apr/2026 19:06:08] "GET /static/vendor/fonts/flags/1x1/uz.svg HTTP/1.1" 404 2014
[21/Apr/2026 19:06:08] "GET /static/site.webmanifest HTTP/1.1" 404 1975
[21/Apr/2026 19:06:08] "GET /static/vendor/fonts/flags/1x1/ru.svg HTTP/1.1" 404 2014
[21/Apr/2026 19:06:08] "GET /static/vendor/fonts/flags/1x1/tr.svg HTTP/1.1" 404 2014
[21/Apr/2026 19:06:08] "GET /static/site.webmanifest HTTP/1.1" 404 1975
[21/Apr/2026 19:06:38] "GET /administrator/checkup-applications HTTP/1.1" 200 23832
[21/Apr/2026 19:06:38] "GET /static/site.webmanifest HTTP/1.1" 404 1975
[21/Apr/2026 19:06:38] "GET /static/site.webmanifest HTTP/1.1" 404 1975
[21/Apr/2026 19:06:46] "POST /i18n/set_language/ HTTP/1.1" 302 0
[21/Apr/2026 19:06:46] "GET /administrator/checkup-applications HTTP/1.1" 200 23841
[21/Apr/2026 19:06:46] "GET /static/site.webmanifest HTTP/1.1" 404 1975
[21/Apr/2026 19:06:46] "GET /static/site.webmanifest HTTP/1.1" 404 1975
[21/Apr/2026 19:06:51] "POST /i18n/set_language/ HTTP/1.1" 302 0
[21/Apr/2026 19:06:52] "GET /administrator/checkup-applications HTTP/1.1" 200 23832
[21/Apr/2026 19:06:52] "GET /static/site.webmanifest HTTP/1.1" 404 1975
[21/Apr/2026 19:06:52] "GET /static/site.webmanifest HTTP/1.1" 404 1975
D:\Github\DOCTOR-A\apps\medical\views.py changed, reloading.
Watching for file changes with StatReloader
[21/Apr/2026 19:09:22] "GET /static/css/admin-roles.css HTTP/1.1" 200 1176
[21/Apr/2026 19:09:22] "GET /static/js/admin-roles.js HTTP/1.1" 200 1408
[21/Apr/2026 19:11:12] "GET /static/css/admin-roles.css HTTP/1.1" 200 1176
[21/Apr/2026 19:11:12] "GET /static/js/admin-roles.js HTTP/1.1" 200 1408
[21/Apr/2026 19:11:50] "GET /administrator/logs HTTP/1.1" 200 34004
[21/Apr/2026 19:11:50] "GET /static/css/admin-roles.css HTTP/1.1" 200 1176
[21/Apr/2026 19:11:50] "GET /static/images/placeholder.svg HTTP/1.1" 200 189
[21/Apr/2026 19:11:50] "GET /static/js/admin-roles.js HTTP/1.1" 200 1408
[21/Apr/2026 19:11:50] "GET /static/site.webmanifest HTTP/1.1" 404 1975
[21/Apr/2026 19:11:50] "GET /static/site.webmanifest HTTP/1.1" 404 1975
[21/Apr/2026 19:11:52] "GET /static/js/admin-roles.js HTTP/1.1" 200 1408
[21/Apr/2026 19:12:04] "POST /administrator/logs HTTP/1.1" 302 0
[21/Apr/2026 19:12:04] "GET /administrator/logs HTTP/1.1" 200 35140
[21/Apr/2026 19:12:04] "GET /static/site.webmanifest HTTP/1.1" 404 1975
[21/Apr/2026 19:12:04] "GET /media/doctor_a/red.png HTTP/1.1" 200 9052243
[21/Apr/2026 19:12:04] "GET /static/site.webmanifest HTTP/1.1" 404 1975
[21/Apr/2026 19:12:11] "GET /administrator/roles HTTP/1.1" 200 15138
[21/Apr/2026 19:12:11] "GET /static/fonts/remix/remixicon.css HTTP/1.1" 304 0
[21/Apr/2026 19:12:11] "GET /static/css/main.min.css HTTP/1.1" 304 0
[21/Apr/2026 19:12:11] "GET /static/vendor/overlay-scroll/OverlayScrollbars.min.css HTTP/1.1" 304 0
[21/Apr/2026 19:12:11] "GET /static/js/bootstrap.bundle.min.js HTTP/1.1" 304 0
[21/Apr/2026 19:12:11] "GET /static/js/moment.min.js HTTP/1.1" 304 0
[21/Apr/2026 19:12:11] "GET /static/images/user.png HTTP/1.1" 304 0
[21/Apr/2026 19:12:11] "GET /static/js/jquery.min.js HTTP/1.1" 304 0
[21/Apr/2026 19:12:11] "GET /static/images/logo-sm.svg HTTP/1.1" 304 0
[21/Apr/2026 19:12:11] "GET /static/js/custom.js HTTP/1.1" 304 0
[21/Apr/2026 19:12:11] "GET /static/vendor/overlay-scroll/custom-scrollbar.js HTTP/1.1" 304 0
[21/Apr/2026 19:12:11] "GET /static/vendor/overlay-scroll/jquery.overlayScrollbars.min.js HTTP/1.1" 304 0
[21/Apr/2026 19:12:11] "GET /static/site.webmanifest HTTP/1.1" 404 1975
[21/Apr/2026 19:12:11] "GET /static/site.webmanifest HTTP/1.1" 404 1975
[21/Apr/2026 19:12:13] "GET /static/vendor/overlay-scroll/jquery.overlayScrollbars.min.js HTTP/1.1" 304 0
[21/Apr/2026 19:12:40] "GET /administrator/logs HTTP/1.1" 200 34729
[21/Apr/2026 19:12:40] "GET /static/css/admin-roles.css HTTP/1.1" 304 0
[21/Apr/2026 19:12:40] "GET /static/js/admin-roles.js HTTP/1.1" 304 0
[21/Apr/2026 19:12:41] "GET /static/site.webmanifest HTTP/1.1" 404 1975
[21/Apr/2026 19:12:41] "GET /media/doctor_a/red.png HTTP/1.1" 304 0
[21/Apr/2026 19:12:41] "GET /static/js/admin-roles.js HTTP/1.1" 304 0
[21/Apr/2026 19:12:41] "GET /static/site.webmanifest HTTP/1.1" 404 1975
D:\Github\DOCTOR-A\apps\medical\urls.py changed, reloading.
Watching for file changes with StatReloader
[21/Apr/2026 19:13:55] "GET /administrator/logs HTTP/1.1" 200 37642
[21/Apr/2026 19:13:55] "GET /static/site.webmanifest HTTP/1.1" 404 1975
[21/Apr/2026 19:13:56] "GET /static/images/favicon.ico HTTP/1.1" 304 0
[21/Apr/2026 19:13:56] "GET /static/site.webmanifest HTTP/1.1" 404 1975
[21/Apr/2026 19:14:07] "GET /administrator/logs?page=2&q= HTTP/1.1" 200 38260
[21/Apr/2026 19:14:07] "GET /static/site.webmanifest HTTP/1.1" 404 1975
[21/Apr/2026 19:14:07] "GET /static/js/jquery.min.js HTTP/1.1" 304 0
[21/Apr/2026 19:14:07] "GET /static/js/moment.min.js HTTP/1.1" 304 0
[21/Apr/2026 19:14:07] "GET /static/js/bootstrap.bundle.min.js HTTP/1.1" 304 0
[21/Apr/2026 19:14:07] "GET /static/fonts/remix/remixicon.woff2@t=1705244689813 HTTP/1.1" 304 0
[21/Apr/2026 19:14:07] "GET /static/site.webmanifest HTTP/1.1" 404 1975
[21/Apr/2026 19:14:11] "GET /administrator/logs?page=3&q= HTTP/1.1" 200 38284
[21/Apr/2026 19:14:11] "GET /static/site.webmanifest HTTP/1.1" 404 1975
[21/Apr/2026 19:14:11] "GET /static/site.webmanifest HTTP/1.1" 404 1975
[21/Apr/2026 19:14:12] "GET /static/vendor/overlay-scroll/custom-scrollbar.js HTTP/1.1" 304 0
[21/Apr/2026 19:14:12] "GET /static/js/custom.js HTTP/1.1" 304 0
D:\Github\DOCTOR-A\apps\medical\views.py changed, reloading.
Watching for file changes with StatReloader
[21/Apr/2026 19:14:18] "GET /administrator/roles HTTP/1.1" 200 34730
[21/Apr/2026 19:14:18] "GET /static/css/admin-roles.css HTTP/1.1" 304 0
[21/Apr/2026 19:14:18] "GET /static/js/admin-roles.js HTTP/1.1" 304 0
[21/Apr/2026 19:14:18] "GET /media/doctor_a/red.png HTTP/1.1" 304 0
[21/Apr/2026 19:14:18] "GET /static/site.webmanifest HTTP/1.1" 404 1975
[21/Apr/2026 19:14:18] "GET /static/js/admin-roles.js HTTP/1.1" 304 0
[21/Apr/2026 19:14:18] "GET /static/site.webmanifest HTTP/1.1" 404 1975
D:\Github\DOCTOR-A\apps\medical\views.py changed, reloading.
Watching for file changes with StatReloader
[21/Apr/2026 19:17:43] "GET /administrator/roles HTTP/1.1" 200 34710
[21/Apr/2026 19:17:43] "GET /static/site.webmanifest HTTP/1.1" 404 1975
[21/Apr/2026 19:17:43] "GET /static/css/admin-roles.css HTTP/1.1" 200 528
[21/Apr/2026 19:17:44] "GET /static/site.webmanifest HTTP/1.1" 404 1975
[21/Apr/2026 19:18:07] "GET /static/css/admin-roles.css HTTP/1.1" 200 528
[21/Apr/2026 19:18:11] "POST /administrator/roles HTTP/1.1" 302 0
[21/Apr/2026 19:18:11] "GET /administrator/roles HTTP/1.1" 200 35289
[21/Apr/2026 19:18:11] "GET /static/css/admin-roles.css HTTP/1.1" 304 0
[21/Apr/2026 19:18:11] "GET /static/site.webmanifest HTTP/1.1" 404 1975
[21/Apr/2026 19:18:12] "GET /static/site.webmanifest HTTP/1.1" 404 1975
[21/Apr/2026 19:18:28] "GET /administrator/users/edit/1/ HTTP/1.1" 200 33925
[21/Apr/2026 19:18:28] "GET /static/site.webmanifest HTTP/1.1" 404 1975
[21/Apr/2026 19:18:28] "GET /static/site.webmanifest HTTP/1.1" 404 1975
[21/Apr/2026 19:18:55] "GET /static/site.webmanifest HTTP/1.1" 404 1975
[21/Apr/2026 19:18:58] "GET /administrator/checkup-applications HTTP/1.1" 200 22946
[21/Apr/2026 19:18:58] "GET /static/site.webmanifest HTTP/1.1" 404 1975
[21/Apr/2026 19:18:58] "GET /static/site.webmanifest HTTP/1.1" 404 1975
[21/Apr/2026 19:19:42] "GET /administrator/settings HTTP/1.1" 200 44734
[21/Apr/2026 19:19:42] "GET /static/vendor/quill/quill.core.css HTTP/1.1" 304 0
[21/Apr/2026 19:19:42] "GET /static/css/admin-settings.css HTTP/1.1" 304 0
[21/Apr/2026 19:19:42] "GET /static/vendor/quill/quill.min.js HTTP/1.1" 304 0
[21/Apr/2026 19:19:42] "GET /static/js/admin-settings.js HTTP/1.1" 304 0
[21/Apr/2026 19:19:42] "GET /static/site.webmanifest HTTP/1.1" 404 1975
Not Found: /media/logos/for_light_oaA8fHg.png
[21/Apr/2026 19:19:42] "GET /media/logos/for_light_oaA8fHg.png HTTP/1.1" 404 18154
Not Found: /media/logos/for_dark_pG4gibW.png
[21/Apr/2026 19:19:42] "GET /media/logos/for_dark_pG4gibW.png HTTP/1.1" 404 18150
Not Found: /media/videos/IMG_7661_iwNl2Ft.MOV
[21/Apr/2026 19:19:43] "GET /media/videos/IMG_7661_iwNl2Ft.MOV HTTP/1.1" 404 18154
[21/Apr/2026 19:19:43] "GET /static/medic/favicon/favicon-32x32.png HTTP/1.1" 304 0
Not Found: /media/videos/AQPQUEL0XKDNaKfQThSvVvzuY2wehdQyvWPxkpVMeghMUKwYjvRkeTsIAuie64t.mp4
[21/Apr/2026 19:19:43] "GET /media/videos/AQPQUEL0XKDNaKfQThSvVvzuY2wehdQyvWPxkpVMeghMUKwYjvRkeTsIAuie64t.mp4 HTTP/1.1" 404 18342
[21/Apr/2026 19:19:43] "GET /media/banners/red.png HTTP/1.1" 200 9052243
[21/Apr/2026 19:19:43] "GET /static/site.webmanifest HTTP/1.1" 404 1975
[21/Apr/2026 19:19:44] "GET /static/vendor/quill/quill.min.js HTTP/1.1" 304 0
[21/Apr/2026 19:19:44] "GET /static/js/admin-settings.js HTTP/1.1" 304 0
Not Found: /media/videos/AQPQUEL0XKDNaKfQThSvVvzuY2wehdQyvWPxkpVMeghMUKwYjvRkeTsIAuie64t.mp4
[21/Apr/2026 19:19:45] "HEAD /media/videos/AQPQUEL0XKDNaKfQThSvVvzuY2wehdQyvWPxkpVMeghMUKwYjvRkeTsIAuie64t.mp4 HTTP/1.1" 404 0
Not Found: /media/videos/IMG_7661_iwNl2Ft.MOV
[21/Apr/2026 19:19:45] "HEAD /media/videos/IMG_7661_iwNl2Ft.MOV HTTP/1.1" 404 0
[21/Apr/2026 19:19:51] "GET /administrator/checkup-applications HTTP/1.1" 200 22946
[21/Apr/2026 19:19:51] "GET /static/site.webmanifest HTTP/1.1" 404 1975
[21/Apr/2026 19:19:52] "GET /static/site.webmanifest HTTP/1.1" 404 1975
[21/Apr/2026 19:19:56] "GET /members/employees/ HTTP/1.1" 200 32649
[21/Apr/2026 19:19:56] "GET /static/site.webmanifest HTTP/1.1" 404 1975
[21/Apr/2026 19:19:56] "GET /static/site.webmanifest HTTP/1.1" 404 1975
[21/Apr/2026 19:20:02] "GET /members/employees/1/add-activity/ HTTP/1.1" 200 22433
[21/Apr/2026 19:20:02] "GET /static/site.webmanifest HTTP/1.1" 404 1975
[21/Apr/2026 19:20:02] "GET /static/site.webmanifest HTTP/1.1" 404 1975
[21/Apr/2026 19:20:08] "GET /members/employees/ HTTP/1.1" 200 32649
[21/Apr/2026 19:20:08] "GET /static/site.webmanifest HTTP/1.1" 404 1975
[21/Apr/2026 19:20:09] "GET /static/site.webmanifest HTTP/1.1" 404 1975
D:\Github\DOCTOR-A\apps\medical\views.py changed, reloading.
Watching for file changes with StatReloader
Exception in thread django-main-thread:
Traceback (most recent call last):
  File "C:\Users\user\AppData\Local\Programs\Python\Python314\Lib\threading.py", line 1082, in _bootstrap_inner
    self._context.run(self.run)
    ~~~~~~~~~~~~~~~~~^^^^^^^^^^
  File "C:\Users\user\AppData\Local\Programs\Python\Python314\Lib\threading.py", line 1024, in run
    self._target(*self._args, **self._kwargs)
    ~~~~~~~~~~~~^^^^^^^^^^^^^^^^^^^^^^^^^^^^^
  File "D:\Github\DOCTOR-A\.venv\Lib\site-packages\django\utils\autoreload.py", line 64, in wrapper
    fn(*args, **kwargs)
    ~~^^^^^^^^^^^^^^^^^
  File "D:\Github\DOCTOR-A\.venv\Lib\site-packages\django\core\management\commands\runserver.py", line 134, in inner_run
    self.check(display_num_errors=True)
    ~~~~~~~~~~^^^^^^^^^^^^^^^^^^^^^^^^^
  File "D:\Github\DOCTOR-A\.venv\Lib\site-packages\django\core\management\base.py", line 486, in check
    all_issues = checks.run_checks(
        app_configs=app_configs,
    ...<2 lines>...
        databases=databases,
    )
  File "D:\Github\DOCTOR-A\.venv\Lib\site-packages\django\core\checks\registry.py", line 88, in run_checks
    new_errors = check(app_configs=app_configs, databases=databases)
  File "D:\Github\DOCTOR-A\.venv\Lib\site-packages\django\core\checks\urls.py", line 44, in check_url_namespaces_unique
    all_namespaces = _load_all_namespaces(resolver)
  File "D:\Github\DOCTOR-A\.venv\Lib\site-packages\django\core\checks\urls.py", line 63, in _load_all_namespaces
    url_patterns = getattr(resolver, "url_patterns", [])
  File "D:\Github\DOCTOR-A\.venv\Lib\site-packages\django\utils\functional.py", line 47, in __get__
    res = instance.__dict__[self.name] = self.func(instance)
                                         ~~~~~~~~~^^^^^^^^^^
  File "D:\Github\DOCTOR-A\.venv\Lib\site-packages\django\urls\resolvers.py", line 718, in url_patterns
    patterns = getattr(self.urlconf_module, "urlpatterns", self.urlconf_module)
                       ^^^^^^^^^^^^^^^^^^^
  File "D:\Github\DOCTOR-A\.venv\Lib\site-packages\django\utils\functional.py", line 47, in __get__
    res = instance.__dict__[self.name] = self.func(instance)
                                         ~~~~~~~~~^^^^^^^^^^
  File "D:\Github\DOCTOR-A\.venv\Lib\site-packages\django\urls\resolvers.py", line 711, in urlconf_module
    return import_module(self.urlconf_name)
  File "C:\Users\user\AppData\Local\Programs\Python\Python314\Lib\importlib\__init__.py", line 88, in import_module
    return _bootstrap._gcd_import(name[level:], package, level)
           ~~~~~~~~~~~~~~~~~~~~~~^^^^^^^^^^^^^^^^^^^^^^^^^^^^^^
  File "<frozen importlib._bootstrap>", line 1406, in _gcd_import
  File "<frozen importlib._bootstrap>", line 1371, in _find_and_load
  File "<frozen importlib._bootstrap>", line 1342, in _find_and_load_unlocked
  File "<frozen importlib._bootstrap>", line 938, in _load_unlocked
  File "<frozen importlib._bootstrap_external>", line 759, in exec_module
  File "<frozen importlib._bootstrap>", line 491, in _call_with_frames_removed
  File "D:\Github\DOCTOR-A\config\urls.py", line 26, in <module>
    path("administrator/", include("apps.medical.urls")),
                           ~~~~~~~^^^^^^^^^^^^^^^^^^^^^
  File "D:\Github\DOCTOR-A\.venv\Lib\site-packages\django\urls\conf.py", line 39, in include
    urlconf_module = import_module(urlconf_module)
  File "C:\Users\user\AppData\Local\Programs\Python\Python314\Lib\importlib\__init__.py", line 88, in import_module
    return _bootstrap._gcd_import(name[level:], package, level)
           ~~~~~~~~~~~~~~~~~~~~~~^^^^^^^^^^^^^^^^^^^^^^^^^^^^^^
  File "<frozen importlib._bootstrap>", line 1406, in _gcd_import
  File "<frozen importlib._bootstrap>", line 1371, in _find_and_load
  File "<frozen importlib._bootstrap>", line 1342, in _find_and_load_unlocked
  File "<frozen importlib._bootstrap>", line 938, in _load_unlocked
  File "<frozen importlib._bootstrap_external>", line 759, in exec_module
  File "<frozen importlib._bootstrap>", line 491, in _call_with_frames_removed
  File "D:\Github\DOCTOR-A\apps\medical\urls.py", line 2, in <module>
    from .views import MainView, MainPageBannerView, get_banner, delete_banner, \
    ...<2 lines>...
        ClientEquipmentDetailView, VideoListView
ImportError: cannot import name 'MedicalCheckupApplicationDetailView' from 'apps.medical.views' (D:\Github\DOCTOR-A\apps\medical\views.py)
D:\Github\DOCTOR-A\apps\medical\views.py changed, reloading.
Watching for file changes with StatReloader
[21/Apr/2026 19:25:00] "GET /administrator/checkup-applications HTTP/1.1" 200 22946
[21/Apr/2026 19:25:00] "GET /static/fonts/remix/remixicon.css HTTP/1.1" 304 0
[21/Apr/2026 19:25:00] "GET /static/css/main.min.css HTTP/1.1" 304 0
[21/Apr/2026 19:25:00] "GET /static/images/logo-sm.svg HTTP/1.1" 304 0
[21/Apr/2026 19:25:00] "GET /static/vendor/overlay-scroll/OverlayScrollbars.min.css HTTP/1.1" 304 0
[21/Apr/2026 19:25:00] "GET /static/js/bootstrap.bundle.min.js HTTP/1.1" 304 0
[21/Apr/2026 19:25:00] "GET /static/js/jquery.min.js HTTP/1.1" 304 0
[21/Apr/2026 19:25:00] "GET /static/images/user.png HTTP/1.1" 304 0
[21/Apr/2026 19:25:00] "GET /static/js/moment.min.js HTTP/1.1" 304 0
[21/Apr/2026 19:25:00] "GET /static/vendor/overlay-scroll/jquery.overlayScrollbars.min.js HTTP/1.1" 304 0
[21/Apr/2026 19:25:00] "GET /static/vendor/overlay-scroll/custom-scrollbar.js HTTP/1.1" 304 0
[21/Apr/2026 19:25:00] "GET /static/js/custom.js HTTP/1.1" 304 0
[21/Apr/2026 19:25:00] "GET /static/site.webmanifest HTTP/1.1" 404 1975
[21/Apr/2026 19:25:00] "GET /static/fonts/remix/remixicon.woff2@t=1705244689813 HTTP/1.1" 304 0
[21/Apr/2026 19:25:01] "GET /static/site.webmanifest HTTP/1.1" 404 1975
[21/Apr/2026 19:25:01] "GET /static/js/bootstrap.bundle.min.js HTTP/1.1" 304 0
[21/Apr/2026 19:25:01] "GET /static/js/jquery.min.js HTTP/1.1" 304 0
[21/Apr/2026 19:25:01] "GET /static/js/custom.js HTTP/1.1" 304 0
[21/Apr/2026 19:25:01] "GET /static/js/moment.min.js HTTP/1.1" 304 0
[21/Apr/2026 19:25:01] "GET /static/vendor/overlay-scroll/custom-scrollbar.js HTTP/1.1" 304 0
[21/Apr/2026 19:25:01] "GET /static/vendor/overlay-scroll/jquery.overlayScrollbars.min.js HTTP/1.1" 304 0
[21/Apr/2026 19:25:24] "GET /administrator/checkup-applications HTTP/1.1" 200 29445
[21/Apr/2026 19:25:24] "GET /static/site.webmanifest HTTP/1.1" 404 1975
[21/Apr/2026 19:25:25] "GET /static/images/favicon.ico HTTP/1.1" 304 0
[21/Apr/2026 19:25:25] "GET /static/site.webmanifest HTTP/1.1" 404 1975
[21/Apr/2026 19:25:31] "GET /administrator/checkup-applications/10/ HTTP/1.1" 200 21151
[21/Apr/2026 19:25:31] "GET /static/site.webmanifest HTTP/1.1" 404 1975
[21/Apr/2026 19:25:31] "GET /static/site.webmanifest HTTP/1.1" 404 1975
[21/Apr/2026 19:25:43] "POST /administrator/checkup-applications/10/ HTTP/1.1" 302 0
[21/Apr/2026 19:25:43] "GET /administrator/checkup-applications/10/ HTTP/1.1" 200 21519
[21/Apr/2026 19:25:43] "GET /static/site.webmanifest HTTP/1.1" 404 1975
[21/Apr/2026 19:25:43] "GET /static/site.webmanifest HTTP/1.1" 404 1975
[21/Apr/2026 19:25:46] "GET /administrator/checkup-applications HTTP/1.1" 200 29433
[21/Apr/2026 19:25:46] "GET /static/site.webmanifest HTTP/1.1" 404 1975
[21/Apr/2026 19:25:46] "GET /static/site.webmanifest HTTP/1.1" 404 1975
D:\Github\DOCTOR-A\apps\medical\views.py changed, reloading.
Watching for file changes with StatReloader
[21/Apr/2026 19:25:59] "GET /members/employees/ HTTP/1.1" 200 32649
[21/Apr/2026 19:26:00] "GET /static/site.webmanifest HTTP/1.1" 404 1975
[21/Apr/2026 19:26:00] "GET /static/site.webmanifest HTTP/1.1" 404 1975
[21/Apr/2026 19:26:24] "POST /i18n/set_language/ HTTP/1.1" 302 0
[21/Apr/2026 19:26:24] "GET /members/employees/ HTTP/1.1" 200 32658
[21/Apr/2026 19:26:25] "GET /static/site.webmanifest HTTP/1.1" 404 1975
[21/Apr/2026 19:26:25] "GET /static/site.webmanifest HTTP/1.1" 404 1975
[21/Apr/2026 19:26:29] "POST /i18n/set_language/ HTTP/1.1" 302 0
[21/Apr/2026 19:26:29] "GET /members/employees/ HTTP/1.1" 200 32649
[21/Apr/2026 19:26:29] "GET /static/site.webmanifest HTTP/1.1" 404 1975
[21/Apr/2026 19:26:29] "GET /static/site.webmanifest HTTP/1.1" 404 1975
[21/Apr/2026 19:26:33] "GET /equipment/?page=2 HTTP/1.1" 200 34808
[21/Apr/2026 19:26:33] "GET /static/medic/css/bootstrap.min.css HTTP/1.1" 304 0
[21/Apr/2026 19:26:33] "GET /static/medic/css/flaticon.css HTTP/1.1" 304 0
[21/Apr/2026 19:26:33] "GET /static/medic/css/meanmenu.min.css HTTP/1.1" 304 0
[21/Apr/2026 19:26:33] "GET /static/medic/css/owl.theme.default.min.css HTTP/1.1" 304 0
[21/Apr/2026 19:26:33] "GET /static/medic/css/nice-select.min.css HTTP/1.1" 304 0
[21/Apr/2026 19:26:33] "GET /static/medic/css/owl.carousel.min.css HTTP/1.1" 304 0
[21/Apr/2026 19:26:33] "GET /static/medic/css/magnific-popup.min.css HTTP/1.1" 304 0
[21/Apr/2026 19:26:33] "GET /static/medic/css/odometer.min.css HTTP/1.1" 304 0
[21/Apr/2026 19:26:33] "GET /static/medic/css/aos.css HTTP/1.1" 304 0
[21/Apr/2026 19:26:33] "GET /static/medic/css/animate.min.css HTTP/1.1" 304 0
[21/Apr/2026 19:26:33] "GET /static/medic/css/style.css HTTP/1.1" 304 0
[21/Apr/2026 19:26:33] "GET /static/medic/css/boxicons.min.css HTTP/1.1" 304 0
[21/Apr/2026 19:26:33] "GET /static/medic/js/jquery.min.js HTTP/1.1" 304 0
[21/Apr/2026 19:26:33] "GET /static/medic/css/responsive.css HTTP/1.1" 304 0
[21/Apr/2026 19:26:33] "GET /static/medic/img/equipment/equipment.jpeg HTTP/1.1" 304 0
[21/Apr/2026 19:26:33] "GET /static/medic/js/bootstrap.bundle.min.js HTTP/1.1" 304 0
[21/Apr/2026 19:26:33] "GET /static/medic/js/meanmenu.min.js HTTP/1.1" 304 0
[21/Apr/2026 19:26:33] "GET /static/medic/js/wow.min.js HTTP/1.1" 304 0
[21/Apr/2026 19:26:33] "GET /static/medic/js/owl.carousel.min.js HTTP/1.1" 304 0
[21/Apr/2026 19:26:33] "GET /static/medic/js/magnific-popup.min.js HTTP/1.1" 304 0
[21/Apr/2026 19:26:33] "GET /static/medic/js/nice-select.min.js HTTP/1.1" 304 0
[21/Apr/2026 19:26:33] "GET /static/medic/js/odometer.min.js HTTP/1.1" 304 0
Not Found: /media/logos/for_dark_pG4gibW.png
[21/Apr/2026 19:26:33] "GET /static/medic/js/appear.min.js HTTP/1.1" 304 0
[21/Apr/2026 19:26:33] "GET /media/logos/for_dark_pG4gibW.png HTTP/1.1" 404 18150
[21/Apr/2026 19:26:33] "GET /static/medic/js/bootstrap-datepicker.min.js HTTP/1.1" 304 0
[21/Apr/2026 19:26:33] "GET /static/medic/fonts/Flaticon.woff2 HTTP/1.1" 304 0
[21/Apr/2026 19:26:33] "GET /static/medic/fonts/boxicons.woff2 HTTP/1.1" 304 0
[21/Apr/2026 19:26:33] "GET /static/medic/js/form-validator.min.js HTTP/1.1" 304 0
[21/Apr/2026 19:26:33] "GET /static/medic/js/contact-form-script.js HTTP/1.1" 304 0
[21/Apr/2026 19:26:33] "GET /static/medic/js/ajaxchimp.min.js HTTP/1.1" 304 0
[21/Apr/2026 19:26:33] "GET /static/medic/js/aos.js HTTP/1.1" 304 0
[21/Apr/2026 19:26:33] "GET /static/medic/js/custom.js HTTP/1.1" 304 0
[21/Apr/2026 19:26:33] "GET /static/medic/favicon/site.webmanifest HTTP/1.1" 304 0
[21/Apr/2026 19:26:33] "GET /media/equipment/800-x-optima_mr_450w_gem_suite_product_PrgIGMg.jpg HTTP/1.1" 200 293442
[21/Apr/2026 19:26:33] "GET /media/equipment/jumong-e1666600524877.png HTTP/1.1" 200 101639
[21/Apr/2026 19:26:34] "GET /static/medic/favicon/favicon.ico HTTP/1.1" 304 0
[21/Apr/2026 19:26:35] "GET /static/medic/js/jquery.min.js HTTP/1.1" 304 0
[21/Apr/2026 19:26:35] "GET /static/medic/js/meanmenu.min.js HTTP/1.1" 304 0
[21/Apr/2026 19:26:35] "GET /static/medic/js/bootstrap.bundle.min.js HTTP/1.1" 304 0
[21/Apr/2026 19:26:35] "GET /static/medic/js/wow.min.js HTTP/1.1" 304 0
[21/Apr/2026 19:26:35] "GET /static/medic/js/owl.carousel.min.js HTTP/1.1" 304 0
[21/Apr/2026 19:26:35] "GET /static/medic/js/nice-select.min.js HTTP/1.1" 304 0
[21/Apr/2026 19:26:35] "GET /static/medic/js/appear.min.js HTTP/1.1" 304 0
[21/Apr/2026 19:26:35] "GET /static/medic/js/odometer.min.js HTTP/1.1" 304 0
[21/Apr/2026 19:26:35] "GET /static/medic/js/magnific-popup.min.js HTTP/1.1" 304 0
[21/Apr/2026 19:26:35] "GET /static/medic/js/bootstrap-datepicker.min.js HTTP/1.1" 304 0
[21/Apr/2026 19:26:35] "GET /static/medic/js/form-validator.min.js HTTP/1.1" 304 0
[21/Apr/2026 19:26:35] "GET /static/medic/js/contact-form-script.js HTTP/1.1" 304 0
[21/Apr/2026 19:26:35] "GET /static/medic/js/aos.js HTTP/1.1" 304 0
[21/Apr/2026 19:26:35] "GET /static/medic/js/custom.js HTTP/1.1" 304 0
[21/Apr/2026 19:26:35] "GET /static/medic/js/ajaxchimp.min.js HTTP/1.1" 304 0
[21/Apr/2026 19:26:52] "GET / HTTP/1.1" 200 44050
[21/Apr/2026 19:26:52] "GET /static/medic/img/index/img3.png HTTP/1.1" 304 0
[21/Apr/2026 19:26:52] "GET /media/news_images/35790097_0_143_3132_1905_1920x0_80_0_0_d59647657d5eeb6d61a01c5ec0729918.jpg HTTP/1.1" 200 156938
Not Found: /media/logos/for_dark_pG4gibW.png
[21/Apr/2026 19:26:52] "GET /media/logos/for_dark_pG4gibW.png HTTP/1.1" 404 18150
[21/Apr/2026 19:26:52] "GET /media/news_images/33522124_0_129_1280_849_1920x0_80_0_0_0d82e09f4ae4ff5078b54373644dd131.jpg HTTP/1.1" 200 90026
[21/Apr/2026 19:26:52] "GET /media/news_images/45563094_0_104_2000_1229_1920x0_80_0_0_7aeca3e40024187227391019c2b597d2.jpg HTTP/1.1" 200 79460
[21/Apr/2026 19:26:52] "GET /media/partners/Asakabank_new-01_GG5wwIr.png HTTP/1.1" 200 46729
[21/Apr/2026 19:26:52] "GET /media/partners/InPlus_landscape-pink.png HTTP/1.1" 200 40219
[21/Apr/2026 19:26:52] "GET /media/profile_pictures/6_2_axUFR2L.png HTTP/1.1" 200 4308101
[21/Apr/2026 19:26:52] "GET /media/profile_pictures/7_2_Y9RCVwo.png HTTP/1.1" 200 4745036
[21/Apr/2026 19:26:52] "GET /media/profile_pictures/9_2.png HTTP/1.1" 200 3843998
[21/Apr/2026 19:27:00] "GET /administrator/checkup-applications HTTP/1.1" 200 29433
[21/Apr/2026 19:27:00] "GET /static/site.webmanifest HTTP/1.1" 404 1975
[21/Apr/2026 19:27:00] "GET /static/site.webmanifest HTTP/1.1" 404 1975
[21/Apr/2026 19:27:15] "GET /members/employees/ HTTP/1.1" 200 32649
[21/Apr/2026 19:27:15] "GET /static/site.webmanifest HTTP/1.1" 404 1975
[21/Apr/2026 19:27:15] "GET /static/site.webmanifest HTTP/1.1" 404 1975
D:\Github\DOCTOR-A\apps\members\urls.py changed, reloading.
Watching for file changes with StatReloader
Exception in thread django-main-thread:
Traceback (most recent call last):
  File "C:\Users\user\AppData\Local\Programs\Python\Python314\Lib\threading.py", line 1082, in _bootstrap_inner
    self._context.run(self.run)
    ~~~~~~~~~~~~~~~~~^^^^^^^^^^
  File "C:\Users\user\AppData\Local\Programs\Python\Python314\Lib\threading.py", line 1024, in run
    self._target(*self._args, **self._kwargs)
    ~~~~~~~~~~~~^^^^^^^^^^^^^^^^^^^^^^^^^^^^^
  File "D:\Github\DOCTOR-A\.venv\Lib\site-packages\django\utils\autoreload.py", line 64, in wrapper
    fn(*args, **kwargs)
    ~~^^^^^^^^^^^^^^^^^
  File "D:\Github\DOCTOR-A\.venv\Lib\site-packages\django\core\management\commands\runserver.py", line 134, in inner_run
    self.check(display_num_errors=True)
    ~~~~~~~~~~^^^^^^^^^^^^^^^^^^^^^^^^^
  File "D:\Github\DOCTOR-A\.venv\Lib\site-packages\django\core\management\base.py", line 486, in check
    all_issues = checks.run_checks(
        app_configs=app_configs,
    ...<2 lines>...
        databases=databases,
    )
  File "D:\Github\DOCTOR-A\.venv\Lib\site-packages\django\core\checks\registry.py", line 88, in run_checks
    new_errors = check(app_configs=app_configs, databases=databases)
  File "D:\Github\DOCTOR-A\.venv\Lib\site-packages\django\core\checks\urls.py", line 44, in check_url_namespaces_unique
    all_namespaces = _load_all_namespaces(resolver)
  File "D:\Github\DOCTOR-A\.venv\Lib\site-packages\django\core\checks\urls.py", line 63, in _load_all_namespaces
    url_patterns = getattr(resolver, "url_patterns", [])
  File "D:\Github\DOCTOR-A\.venv\Lib\site-packages\django\utils\functional.py", line 47, in __get__
    res = instance.__dict__[self.name] = self.func(instance)
                                         ~~~~~~~~~^^^^^^^^^^
  File "D:\Github\DOCTOR-A\.venv\Lib\site-packages\django\urls\resolvers.py", line 718, in url_patterns
    patterns = getattr(self.urlconf_module, "urlpatterns", self.urlconf_module)
                       ^^^^^^^^^^^^^^^^^^^
  File "D:\Github\DOCTOR-A\.venv\Lib\site-packages\django\utils\functional.py", line 47, in __get__
    res = instance.__dict__[self.name] = self.func(instance)
                                         ~~~~~~~~~^^^^^^^^^^
  File "D:\Github\DOCTOR-A\.venv\Lib\site-packages\django\urls\resolvers.py", line 711, in urlconf_module
    return import_module(self.urlconf_name)
  File "C:\Users\user\AppData\Local\Programs\Python\Python314\Lib\importlib\__init__.py", line 88, in import_module
    return _bootstrap._gcd_import(name[level:], package, level)
           ~~~~~~~~~~~~~~~~~~~~~~^^^^^^^^^^^^^^^^^^^^^^^^^^^^^^
  File "<frozen importlib._bootstrap>", line 1406, in _gcd_import
  File "<frozen importlib._bootstrap>", line 1371, in _find_and_load
  File "<frozen importlib._bootstrap>", line 1342, in _find_and_load_unlocked
  File "<frozen importlib._bootstrap>", line 938, in _load_unlocked
  File "<frozen importlib._bootstrap_external>", line 759, in exec_module
  File "<frozen importlib._bootstrap>", line 491, in _call_with_frames_removed
  File "D:\Github\DOCTOR-A\config\urls.py", line 28, in <module>
    path("members/", include("apps.members.urls")),
                     ~~~~~~~^^^^^^^^^^^^^^^^^^^^^
  File "D:\Github\DOCTOR-A\.venv\Lib\site-packages\django\urls\conf.py", line 39, in include
    urlconf_module = import_module(urlconf_module)
  File "C:\Users\user\AppData\Local\Programs\Python\Python314\Lib\importlib\__init__.py", line 88, in import_module
    return _bootstrap._gcd_import(name[level:], package, level)
           ~~~~~~~~~~~~~~~~~~~~~~^^^^^^^^^^^^^^^^^^^^^^^^^^^^^^
  File "<frozen importlib._bootstrap>", line 1406, in _gcd_import
  File "<frozen importlib._bootstrap>", line 1371, in _find_and_load
  File "<frozen importlib._bootstrap>", line 1342, in _find_and_load_unlocked
  File "<frozen importlib._bootstrap>", line 938, in _load_unlocked
  File "<frozen importlib._bootstrap_external>", line 759, in exec_module
  File "<frozen importlib._bootstrap>", line 491, in _call_with_frames_removed
  File "D:\Github\DOCTOR-A\apps\members\urls.py", line 2, in <module>
    from .views import (
    ...<5 lines>...
    )
ImportError: cannot import name 'EditEmployeeActivityView' from 'apps.members.views' (D:\Github\DOCTOR-A\apps\members\views.py)
D:\Github\DOCTOR-A\apps\members\views.py changed, reloading.
Watching for file changes with StatReloader
[21/Apr/2026 19:33:10] "GET /members/employees/ HTTP/1.1" 200 32649
[21/Apr/2026 19:33:10] "GET /static/site.webmanifest HTTP/1.1" 404 1975
[21/Apr/2026 19:33:11] "GET /static/site.webmanifest HTTP/1.1" 404 1975
[21/Apr/2026 19:33:13] "GET /members/employees/1/add-activity/ HTTP/1.1" 200 22433
[21/Apr/2026 19:33:13] "GET /static/site.webmanifest HTTP/1.1" 404 1975
[21/Apr/2026 19:33:14] "GET /static/site.webmanifest HTTP/1.1" 404 1975
[21/Apr/2026 19:38:35] "GET /members/employees/1/add-activity/ HTTP/1.1" 302 0
[21/Apr/2026 19:38:36] "GET /login/?next=/members/employees/1/add-activity/ HTTP/1.1" 200 29326
[21/Apr/2026 19:38:36] "GET /static/medic/css/owl.theme.default.min.css HTTP/1.1" 304 0
[21/Apr/2026 19:38:36] "GET /static/medic/css/bootstrap.min.css HTTP/1.1" 304 0
[21/Apr/2026 19:38:36] "GET /static/medic/css/owl.carousel.min.css HTTP/1.1" 304 0
[21/Apr/2026 19:38:36] "GET /static/medic/css/magnific-popup.min.css HTTP/1.1" 304 0
[21/Apr/2026 19:38:36] "GET /static/medic/css/flaticon.css HTTP/1.1" 304 0
[21/Apr/2026 19:38:36] "GET /static/medic/css/animate.min.css HTTP/1.1" 304 0
[21/Apr/2026 19:38:36] "GET /static/medic/css/meanmenu.min.css HTTP/1.1" 304 0
[21/Apr/2026 19:38:36] "GET /static/medic/css/aos.css HTTP/1.1" 304 0
[21/Apr/2026 19:38:36] "GET /static/medic/css/nice-select.min.css HTTP/1.1" 304 0
[21/Apr/2026 19:38:36] "GET /static/medic/css/odometer.min.css HTTP/1.1" 304 0
[21/Apr/2026 19:38:36] "GET /static/medic/css/style.css HTTP/1.1" 304 0
[21/Apr/2026 19:38:36] "GET /static/medic/css/boxicons.min.css HTTP/1.1" 304 0
[21/Apr/2026 19:38:36] "GET /static/medic/css/responsive.css HTTP/1.1" 304 0
[21/Apr/2026 19:38:36] "GET /static/medic/js/meanmenu.min.js HTTP/1.1" 304 0
[21/Apr/2026 19:38:36] "GET /static/medic/js/jquery.min.js HTTP/1.1" 304 0
[21/Apr/2026 19:38:36] "GET /static/medic/js/owl.carousel.min.js HTTP/1.1" 304 0
[21/Apr/2026 19:38:36] "GET /static/medic/js/bootstrap.bundle.min.js HTTP/1.1" 304 0
[21/Apr/2026 19:38:36] "GET /static/medic/js/wow.min.js HTTP/1.1" 304 0
Not Found: /media/logos/for_dark_pG4gibW.png
[21/Apr/2026 19:38:36] "GET /static/medic/js/nice-select.min.js HTTP/1.1" 304 0
[21/Apr/2026 19:38:36] "GET /static/medic/js/odometer.min.js HTTP/1.1" 304 0
[21/Apr/2026 19:38:36] "GET /static/medic/js/magnific-popup.min.js HTTP/1.1" 304 0
[21/Apr/2026 19:38:36] "GET /static/medic/js/appear.min.js HTTP/1.1" 304 0
[21/Apr/2026 19:38:36] "GET /static/medic/js/ajaxchimp.min.js HTTP/1.1" 304 0
[21/Apr/2026 19:38:36] "GET /media/logos/for_dark_pG4gibW.png HTTP/1.1" 404 18150
[21/Apr/2026 19:38:36] "GET /static/medic/js/form-validator.min.js HTTP/1.1" 304 0
[21/Apr/2026 19:38:36] "GET /static/medic/js/bootstrap-datepicker.min.js HTTP/1.1" 304 0
[21/Apr/2026 19:38:36] "GET /static/medic/js/contact-form-script.js HTTP/1.1" 304 0
[21/Apr/2026 19:38:36] "GET /static/medic/js/custom.js HTTP/1.1" 304 0
[21/Apr/2026 19:38:36] "GET /static/medic/favicon/site.webmanifest HTTP/1.1" 304 0
[21/Apr/2026 19:38:36] "GET /static/medic/js/aos.js HTTP/1.1" 304 0
[21/Apr/2026 19:38:36] "GET /static/medic/js/meanmenu.min.js HTTP/1.1" 304 0
[21/Apr/2026 19:38:36] "GET /static/medic/js/jquery.min.js HTTP/1.1" 304 0
[21/Apr/2026 19:38:36] "GET /static/medic/fonts/boxicons.woff2 HTTP/1.1" 304 0
[21/Apr/2026 19:38:36] "GET /static/medic/fonts/Flaticon.woff2 HTTP/1.1" 304 0
[21/Apr/2026 19:38:36] "GET /static/medic/js/owl.carousel.min.js HTTP/1.1" 304 0
[21/Apr/2026 19:38:39] "GET /static/medic/js/bootstrap.bundle.min.js HTTP/1.1" 304 0
[21/Apr/2026 19:38:39] "GET /static/medic/js/wow.min.js HTTP/1.1" 304 0
[21/Apr/2026 19:38:40] "GET /static/medic/js/nice-select.min.js HTTP/1.1" 304 0
[21/Apr/2026 19:38:40] "GET /static/medic/js/magnific-popup.min.js HTTP/1.1" 304 0
[21/Apr/2026 19:38:40] "GET /static/medic/js/odometer.min.js HTTP/1.1" 304 0
[21/Apr/2026 19:38:40] "GET /static/medic/js/appear.min.js HTTP/1.1" 304 0
[21/Apr/2026 19:38:40] "GET /static/medic/js/ajaxchimp.min.js HTTP/1.1" 304 0
[21/Apr/2026 19:38:40] "GET /static/medic/js/form-validator.min.js HTTP/1.1" 304 0
[21/Apr/2026 19:38:40] "GET /static/medic/js/contact-form-script.js HTTP/1.1" 304 0
[21/Apr/2026 19:38:40] "GET /static/medic/js/bootstrap-datepicker.min.js HTTP/1.1" 304 0
[21/Apr/2026 19:38:40] "GET /static/medic/js/custom.js HTTP/1.1" 304 0
[21/Apr/2026 19:38:40] "GET /static/medic/js/aos.js HTTP/1.1" 304 0
[21/Apr/2026 19:38:43] "POST /login/ HTTP/1.1" 302 0
[21/Apr/2026 19:38:43] "GET /members/employees/1/add-activity/ HTTP/1.1" 200 25696
[21/Apr/2026 19:38:43] "GET /static/vendor/overlay-scroll/OverlayScrollbars.min.css HTTP/1.1" 304 0
[21/Apr/2026 19:38:43] "GET /static/css/main.min.css HTTP/1.1" 304 0
[21/Apr/2026 19:38:43] "GET /static/js/jquery.min.js HTTP/1.1" 304 0
[21/Apr/2026 19:38:43] "GET /static/fonts/remix/remixicon.css HTTP/1.1" 304 0
[21/Apr/2026 19:38:43] "GET /static/images/logo-sm.svg HTTP/1.1" 304 0
[21/Apr/2026 19:38:43] "GET /static/images/user.png HTTP/1.1" 304 0
[21/Apr/2026 19:38:43] "GET /static/js/bootstrap.bundle.min.js HTTP/1.1" 304 0
[21/Apr/2026 19:38:43] "GET /static/js/custom.js HTTP/1.1" 304 0
[21/Apr/2026 19:38:43] "GET /static/vendor/overlay-scroll/jquery.overlayScrollbars.min.js HTTP/1.1" 304 0
[21/Apr/2026 19:38:43] "GET /static/js/moment.min.js HTTP/1.1" 304 0
[21/Apr/2026 19:38:43] "GET /static/vendor/overlay-scroll/custom-scrollbar.js HTTP/1.1" 304 0
[21/Apr/2026 19:38:43] "GET /static/site.webmanifest HTTP/1.1" 404 1975
[21/Apr/2026 19:38:44] "GET /static/fonts/remix/remixicon.woff2@t=1705244689813 HTTP/1.1" 304 0
[21/Apr/2026 19:38:44] "GET /static/site.webmanifest HTTP/1.1" 404 1975
[21/Apr/2026 19:38:44] "GET /static/images/favicon.ico HTTP/1.1" 304 0
[21/Apr/2026 19:38:47] "GET /static/js/jquery.min.js HTTP/1.1" 304 0
[21/Apr/2026 19:38:47] "GET /static/vendor/overlay-scroll/jquery.overlayScrollbars.min.js HTTP/1.1" 304 0
[21/Apr/2026 19:38:47] "GET /static/js/custom.js HTTP/1.1" 304 0
[21/Apr/2026 19:38:47] "GET /static/js/bootstrap.bundle.min.js HTTP/1.1" 304 0
[21/Apr/2026 19:38:47] "GET /static/js/moment.min.js HTTP/1.1" 304 0
[21/Apr/2026 19:38:47] "GET /static/vendor/overlay-scroll/custom-scrollbar.js HTTP/1.1" 304 0
[21/Apr/2026 19:38:50] "GET /members/employees/ HTTP/1.1" 200 42962
[21/Apr/2026 19:38:50] "GET /static/site.webmanifest HTTP/1.1" 404 1975
[21/Apr/2026 19:38:50] "GET /static/site.webmanifest HTTP/1.1" 404 1975
[21/Apr/2026 19:38:58] "GET /members/employees/1/add-activity/ HTTP/1.1" 200 25696
[21/Apr/2026 19:38:58] "GET /static/site.webmanifest HTTP/1.1" 404 1975
[21/Apr/2026 19:38:58] "GET /static/site.webmanifest HTTP/1.1" 404 1975
[21/Apr/2026 19:39:30] "GET /members/employees/ HTTP/1.1" 200 42962
[21/Apr/2026 19:39:30] "GET /static/site.webmanifest HTTP/1.1" 404 1975
[21/Apr/2026 19:39:30] "GET /static/site.webmanifest HTTP/1.1" 404 1975
[21/Apr/2026 19:39:34] "GET /administrator/appointmentView HTTP/1.1" 200 20473
[21/Apr/2026 19:39:34] "GET /static/site.webmanifest HTTP/1.1" 404 1975
[21/Apr/2026 19:39:34] "GET /static/site.webmanifest HTTP/1.1" 404 1975
[21/Apr/2026 19:39:45] "GET /administrator/clinic/equipment/ HTTP/1.1" 200 49947
[21/Apr/2026 19:39:45] "GET /static/site.webmanifest HTTP/1.1" 404 1975
[21/Apr/2026 19:39:46] "GET /media/equipment/800-x-optima_mr_450w_gem_suite_product_PrgIGMg.jpg HTTP/1.1" 200 293442
[21/Apr/2026 19:39:46] "GET /media/equipment/jumong-e1666600524877.png HTTP/1.1" 200 101639
[21/Apr/2026 19:39:46] "GET /static/site.webmanifest HTTP/1.1" 404 1975
[21/Apr/2026 19:40:12] "GET /administrator/checkup-applications HTTP/1.1" 200 29433
[21/Apr/2026 19:40:12] "GET /static/site.webmanifest HTTP/1.1" 404 1975
[21/Apr/2026 19:40:13] "GET /static/site.webmanifest HTTP/1.1" 404 1975
[21/Apr/2026 19:40:17] "GET /members/employees/ HTTP/1.1" 200 42962
[21/Apr/2026 19:40:17] "GET /static/site.webmanifest HTTP/1.1" 404 1975
[21/Apr/2026 19:40:17] "GET /static/site.webmanifest HTTP/1.1" 404 1975
[21/Apr/2026 19:40:20] "GET /administrator/appointmentView HTTP/1.1" 200 20473
[21/Apr/2026 19:40:20] "GET /static/site.webmanifest HTTP/1.1" 404 1975
[21/Apr/2026 19:40:20] "GET /static/site.webmanifest HTTP/1.1" 404 1975
[21/Apr/2026 19:40:48] "GET /administrator/settings HTTP/1.1" 200 44734
[21/Apr/2026 19:40:48] "GET /static/vendor/quill/quill.core.css HTTP/1.1" 304 0
[21/Apr/2026 19:40:48] "GET /static/css/admin-settings.css HTTP/1.1" 304 0
[21/Apr/2026 19:40:48] "GET /static/vendor/quill/quill.min.js HTTP/1.1" 304 0
[21/Apr/2026 19:40:48] "GET /static/site.webmanifest HTTP/1.1" 404 1975
[21/Apr/2026 19:40:48] "GET /static/js/admin-settings.js HTTP/1.1" 304 0
Not Found: /media/logos/for_light_oaA8fHg.png
[21/Apr/2026 19:40:49] "GET /media/logos/for_light_oaA8fHg.png HTTP/1.1" 404 18154
Not Found: /media/videos/AQPQUEL0XKDNaKfQThSvVvzuY2wehdQyvWPxkpVMeghMUKwYjvRkeTsIAuie64t.mp4
[21/Apr/2026 19:40:49] "GET /media/videos/AQPQUEL0XKDNaKfQThSvVvzuY2wehdQyvWPxkpVMeghMUKwYjvRkeTsIAuie64t.mp4 HTTP/1.1" 404 18342
Not Found: /media/videos/IMG_7661_iwNl2Ft.MOV
[21/Apr/2026 19:40:49] "GET /media/videos/IMG_7661_iwNl2Ft.MOV HTTP/1.1" 404 18154
Not Found: /media/logos/for_dark_pG4gibW.png
[21/Apr/2026 19:40:49] "GET /media/logos/for_dark_pG4gibW.png HTTP/1.1" 404 18150
[21/Apr/2026 19:40:49] "GET /static/medic/favicon/favicon-32x32.png HTTP/1.1" 304 0
[21/Apr/2026 19:40:49] "GET /media/banners/red.png HTTP/1.1" 200 9052243
[21/Apr/2026 19:40:50] "GET /static/site.webmanifest HTTP/1.1" 404 1975
Not Found: /media/videos/AQPQUEL0XKDNaKfQThSvVvzuY2wehdQyvWPxkpVMeghMUKwYjvRkeTsIAuie64t.mp4
[21/Apr/2026 19:40:53] "HEAD /media/videos/AQPQUEL0XKDNaKfQThSvVvzuY2wehdQyvWPxkpVMeghMUKwYjvRkeTsIAuie64t.mp4 HTTP/1.1" 404 0
Not Found: /media/videos/IMG_7661_iwNl2Ft.MOV
[21/Apr/2026 19:40:53] "HEAD /media/videos/IMG_7661_iwNl2Ft.MOV HTTP/1.1" 404 0
[21/Apr/2026 19:40:56] "GET /static/vendor/quill/quill.min.js HTTP/1.1" 304 0
[21/Apr/2026 19:40:56] "GET /static/js/admin-settings.js HTTP/1.1" 304 0
[21/Apr/2026 19:43:38] "GET /administrator/checkup-applications HTTP/1.1" 200 29433
[21/Apr/2026 19:43:38] "GET /static/site.webmanifest HTTP/1.1" 404 1975
[21/Apr/2026 19:43:39] "GET /static/site.webmanifest HTTP/1.1" 404 1975
[21/Apr/2026 19:43:44] "GET /administrator/checkup-applications/10/ HTTP/1.1" 200 21137
[21/Apr/2026 19:43:44] "GET /static/site.webmanifest HTTP/1.1" 404 1975
[21/Apr/2026 19:43:44] "GET /static/site.webmanifest HTTP/1.1" 404 1975
[21/Apr/2026 19:43:47] "GET /static/site.webmanifest HTTP/1.1" 404 1975
[21/Apr/2026 19:43:49] "GET /administrator/checkup-applications/9/ HTTP/1.1" 200 21149
[21/Apr/2026 19:43:49] "GET /static/site.webmanifest HTTP/1.1" 404 1975
[21/Apr/2026 19:43:50] "GET /static/site.webmanifest HTTP/1.1" 404 1975
[21/Apr/2026 19:43:53] "POST /administrator/checkup-applications/9/ HTTP/1.1" 302 0
[21/Apr/2026 19:43:53] "GET /administrator/checkup-applications HTTP/1.1" 200 28598
[21/Apr/2026 19:43:53] "GET /static/site.webmanifest HTTP/1.1" 404 1975
[21/Apr/2026 19:43:54] "GET /static/site.webmanifest HTTP/1.1" 404 1975
[21/Apr/2026 19:43:57] "GET /administrator/checkup-applications/8/ HTTP/1.1" 200 21144
[21/Apr/2026 19:43:58] "GET /static/site.webmanifest HTTP/1.1" 404 1975
[21/Apr/2026 19:44:01] "POST /administrator/checkup-applications/8/ HTTP/1.1" 302 0
[21/Apr/2026 19:44:01] "GET /administrator/checkup-applications HTTP/1.1" 200 27370
[21/Apr/2026 19:44:02] "GET /static/site.webmanifest HTTP/1.1" 404 1975
[21/Apr/2026 19:44:02] "GET /static/site.webmanifest HTTP/1.1" 404 1975
[21/Apr/2026 19:44:05] "GET /administrator/checkup-applications/7/ HTTP/1.1" 200 21142
[21/Apr/2026 19:44:05] "GET /static/site.webmanifest HTTP/1.1" 404 1975
[21/Apr/2026 19:44:06] "GET /static/site.webmanifest HTTP/1.1" 404 1975
[21/Apr/2026 19:44:08] "POST /administrator/checkup-applications/7/ HTTP/1.1" 302 0
[21/Apr/2026 19:44:09] "GET /administrator/checkup-applications HTTP/1.1" 200 26145
[21/Apr/2026 19:44:09] "GET /static/site.webmanifest HTTP/1.1" 404 1975
[21/Apr/2026 19:44:09] "GET /static/site.webmanifest HTTP/1.1" 404 1975
[21/Apr/2026 19:44:12] "GET /administrator/checkup-applications/6/ HTTP/1.1" 200 21086
[21/Apr/2026 19:44:13] "GET /static/site.webmanifest HTTP/1.1" 404 1975
[21/Apr/2026 19:44:13] "GET /static/site.webmanifest HTTP/1.1" 404 1975
[21/Apr/2026 19:44:15] "POST /administrator/checkup-applications/6/ HTTP/1.1" 302 0
[21/Apr/2026 19:44:15] "GET /administrator/checkup-applications HTTP/1.1" 200 24965
[21/Apr/2026 19:44:16] "GET /static/site.webmanifest HTTP/1.1" 404 1975
[21/Apr/2026 19:44:16] "GET /static/site.webmanifest HTTP/1.1" 404 1975
[21/Apr/2026 19:44:18] "GET /administrator/checkup-applications/5/ HTTP/1.1" 200 21140
[21/Apr/2026 19:44:18] "GET /static/site.webmanifest HTTP/1.1" 404 1975
[21/Apr/2026 19:44:19] "GET /static/site.webmanifest HTTP/1.1" 404 1975
[21/Apr/2026 19:44:22] "POST /administrator/checkup-applications/5/ HTTP/1.1" 302 0
[21/Apr/2026 19:44:22] "GET /administrator/checkup-applications HTTP/1.1" 200 23751
[21/Apr/2026 19:44:22] "GET /static/site.webmanifest HTTP/1.1" 404 1975
[21/Apr/2026 19:44:22] "GET /static/site.webmanifest HTTP/1.1" 404 1975
[21/Apr/2026 19:44:25] "GET /administrator/checkup-applications/4/ HTTP/1.1" 200 21582
[21/Apr/2026 19:44:26] "GET /static/site.webmanifest HTTP/1.1" 404 1975
[21/Apr/2026 19:44:26] "GET /static/site.webmanifest HTTP/1.1" 404 1975
D:\Github\DOCTOR-A\apps\medical\urls.py changed, reloading.
Watching for file changes with StatReloader
Exception in thread django-main-thread:
Traceback (most recent call last):
  File "C:\Users\user\AppData\Local\Programs\Python\Python314\Lib\threading.py", line 1082, in _bootstrap_inner
    self._context.run(self.run)
    ~~~~~~~~~~~~~~~~~^^^^^^^^^^
  File "C:\Users\user\AppData\Local\Programs\Python\Python314\Lib\threading.py", line 1024, in run
    self._target(*self._args, **self._kwargs)
    ~~~~~~~~~~~~^^^^^^^^^^^^^^^^^^^^^^^^^^^^^
  File "D:\Github\DOCTOR-A\.venv\Lib\site-packages\django\utils\autoreload.py", line 64, in wrapper
    fn(*args, **kwargs)
    ~~^^^^^^^^^^^^^^^^^
  File "D:\Github\DOCTOR-A\.venv\Lib\site-packages\django\core\management\commands\runserver.py", line 134, in inner_run
    self.check(display_num_errors=True)
    ~~~~~~~~~~^^^^^^^^^^^^^^^^^^^^^^^^^
  File "D:\Github\DOCTOR-A\.venv\Lib\site-packages\django\core\management\base.py", line 486, in check
    all_issues = checks.run_checks(
        app_configs=app_configs,
    ...<2 lines>...
        databases=databases,
    )
  File "D:\Github\DOCTOR-A\.venv\Lib\site-packages\django\core\checks\registry.py", line 88, in run_checks
    new_errors = check(app_configs=app_configs, databases=databases)
  File "D:\Github\DOCTOR-A\.venv\Lib\site-packages\django\core\checks\urls.py", line 44, in check_url_namespaces_unique
    all_namespaces = _load_all_namespaces(resolver)
  File "D:\Github\DOCTOR-A\.venv\Lib\site-packages\django\core\checks\urls.py", line 63, in _load_all_namespaces
    url_patterns = getattr(resolver, "url_patterns", [])
  File "D:\Github\DOCTOR-A\.venv\Lib\site-packages\django\utils\functional.py", line 47, in __get__
    res = instance.__dict__[self.name] = self.func(instance)
                                         ~~~~~~~~~^^^^^^^^^^
  File "D:\Github\DOCTOR-A\.venv\Lib\site-packages\django\urls\resolvers.py", line 718, in url_patterns
    patterns = getattr(self.urlconf_module, "urlpatterns", self.urlconf_module)
                       ^^^^^^^^^^^^^^^^^^^
  File "D:\Github\DOCTOR-A\.venv\Lib\site-packages\django\utils\functional.py", line 47, in __get__
    res = instance.__dict__[self.name] = self.func(instance)
                                         ~~~~~~~~~^^^^^^^^^^
  File "D:\Github\DOCTOR-A\.venv\Lib\site-packages\django\urls\resolvers.py", line 711, in urlconf_module
    return import_module(self.urlconf_name)
  File "C:\Users\user\AppData\Local\Programs\Python\Python314\Lib\importlib\__init__.py", line 88, in import_module
    return _bootstrap._gcd_import(name[level:], package, level)
           ~~~~~~~~~~~~~~~~~~~~~~^^^^^^^^^^^^^^^^^^^^^^^^^^^^^^
  File "<frozen importlib._bootstrap>", line 1406, in _gcd_import
  File "<frozen importlib._bootstrap>", line 1371, in _find_and_load
  File "<frozen importlib._bootstrap>", line 1342, in _find_and_load_unlocked
  File "<frozen importlib._bootstrap>", line 938, in _load_unlocked
  File "<frozen importlib._bootstrap_external>", line 759, in exec_module
  File "<frozen importlib._bootstrap>", line 491, in _call_with_frames_removed
  File "D:\Github\DOCTOR-A\config\urls.py", line 26, in <module>
    path("administrator/", include("apps.medical.urls")),
                           ~~~~~~~^^^^^^^^^^^^^^^^^^^^^
  File "D:\Github\DOCTOR-A\.venv\Lib\site-packages\django\urls\conf.py", line 39, in include
    urlconf_module = import_module(urlconf_module)
  File "C:\Users\user\AppData\Local\Programs\Python\Python314\Lib\importlib\__init__.py", line 88, in import_module
    return _bootstrap._gcd_import(name[level:], package, level)
           ~~~~~~~~~~~~~~~~~~~~~~^^^^^^^^^^^^^^^^^^^^^^^^^^^^^^
  File "<frozen importlib._bootstrap>", line 1406, in _gcd_import
  File "<frozen importlib._bootstrap>", line 1371, in _find_and_load
  File "<frozen importlib._bootstrap>", line 1342, in _find_and_load_unlocked
  File "<frozen importlib._bootstrap>", line 938, in _load_unlocked
  File "<frozen importlib._bootstrap_external>", line 759, in exec_module
  File "<frozen importlib._bootstrap>", line 491, in _call_with_frames_removed
  File "D:\Github\DOCTOR-A\apps\medical\urls.py", line 2, in <module>
    from .views import MainView, MainPageBannerView, get_banner, delete_banner, \
    ...<2 lines>...
        ClientEquipmentDetailView, VideoListView
ImportError: cannot import name 'AppointmentDetailView' from 'apps.medical.views' (D:\Github\DOCTOR-A\apps\medical\views.py)
D:\Github\DOCTOR-A\apps\medical\views.py changed, reloading.
Watching for file changes with StatReloader
